Using pre-set license
Built from '6000.1/staging' branch; Version is '6000.1.13f1 (418bd0acaa6b) revision 4295632'; Using compiler version '194234433'; Build Type 'Release'
OS: 'Windows 11  (10.0.26100) 64bit Professional' Language: 'en' Physical Memory: 23926 MB
BatchMode: 1, IsHumanControllingUs: 0, StartBugReporterOnCrash: 0, Is64bit: 1, IsPro: 1
Date: 2025-08-26T06:26:53Z

COMMAND LINE ARGUMENTS:
D:\Unity 6.1\6000.1.13f1\Editor\Unity.exe
-adb2
-batchMode
-noUpm
-name
AssetImportWorker4
-projectPath
D:/Create with Code/Simple RPG
-logFile
Logs/AssetImportWorker4.log
-srvPort
60173
-job-worker-count
7
-background-job-worker-count
8
-gc-helper-count
1
-name
AssetImport
Successfully changed project path to: D:/Create with Code/Simple RPG
D:/Create with Code/Simple RPG
[UnityMemory] Configuration Parameters - Can be set up in boot.config
    "memorysetup-allocator-temp-initial-block-size-main=262144"
    "memorysetup-allocator-temp-initial-block-size-worker=262144"
    "memorysetup-bucket-allocator-granularity=16"
    "memorysetup-bucket-allocator-bucket-count=8"
    "memorysetup-bucket-allocator-block-size=33554432"
    "memorysetup-bucket-allocator-block-count=8"
    "memorysetup-main-allocator-block-size=16777216"
    "memorysetup-thread-allocator-block-size=16777216"
    "memorysetup-gfx-main-allocator-block-size=16777216"
    "memorysetup-gfx-thread-allocator-block-size=16777216"
    "memorysetup-cache-allocator-block-size=4194304"
    "memorysetup-typetree-allocator-block-size=2097152"
    "memorysetup-profiler-bucket-allocator-granularity=16"
    "memorysetup-profiler-bucket-allocator-bucket-count=8"
    "memorysetup-profiler-bucket-allocator-block-size=33554432"
    "memorysetup-profiler-bucket-allocator-block-count=8"
    "memorysetup-profiler-allocator-block-size=16777216"
    "memorysetup-profiler-editor-allocator-block-size=1048576"
    "memorysetup-temp-allocator-size-main=16777216"
    "memorysetup-job-temp-allocator-block-size=2097152"
    "memorysetup-job-temp-allocator-block-size-background=1048576"
    "memorysetup-job-temp-allocator-reduction-small-platforms=262144"
    "memorysetup-temp-allocator-size-background-worker=32768"
    "memorysetup-temp-allocator-size-job-worker=262144"
    "memorysetup-temp-allocator-size-preload-manager=33554432"
    "memorysetup-temp-allocator-size-nav-mesh-worker=65536"
    "memorysetup-temp-allocator-size-audio-worker=65536"
    "memorysetup-temp-allocator-size-cloud-worker=32768"
    "memorysetup-temp-allocator-size-gi-baking-worker=262144"
    "memorysetup-temp-allocator-size-gi-baking-worker=262144"
    "memorysetup-temp-allocator-size-gi-baking-worker=262144"
    "memorysetup-temp-allocator-size-gi-baking-worker=262144"
    "memorysetup-temp-allocator-size-gi-baking-worker=262144"
    "memorysetup-temp-allocator-size-gfx=262144"
Player connection [9240]  Target information:

Player connection [9240]  * "[IP] 172.25.48.1 [Port] 0 [Flags] 2 [Guid] 1468848428 [EditorId] 1468848428 [Version] 1048832 [Id] WindowsEditor(7,Chimix) [Debug] 1 [PackageName] WindowsEditor [ProjectName] Editor" 

Player connection [9240]  * "[IP] 10.10.63.180 [Port] 0 [Flags] 2 [Guid] 1468848428 [EditorId] 1468848428 [Version] 1048832 [Id] WindowsEditor(7,Chimix) [Debug] 1 [PackageName] WindowsEditor [ProjectName] Editor" 

Player connection [9240] Host joined multi-casting on [225.0.0.222:54997]...
Player connection [9240] Host joined alternative multi-casting on [225.0.0.222:34997]...
JobSystem: Creating JobQueue using job-worker-count value 7
Input System module state changed to: Initialized.
[Physics::Module] Initialized fallback backend.
[Physics::Module] Id: 0xdecafbad
Library Redirect Path: Library/
[Physics::Module] Selected backend.
[Physics::Module] Name: PhysX
[Physics::Module] Id: 0xf2b8ea05
[Physics::Module] SDK Version: 4.1.2
[Physics::Module] Integration Version: 1.0.0
[Physics::Module] Threading Mode: Multi-Threaded
Refreshing native plugins compatible for Editor in 2.03 ms, found 3 plugins.
Preloading 0 native plugins for Editor in 0.00 ms.
Initialize engine version: 6000.1.13f1 (418bd0acaa6b)
[Subsystems] Discovering subsystems at path D:/Unity 6.1/6000.1.13f1/Editor/Data/Resources/UnitySubsystems
[Subsystems] Discovering subsystems at path D:/Create with Code/Simple RPG/Assets
GfxDevice: creating device client; kGfxThreadingModeNonThreaded
Direct3D:
    Version:         Direct3D 12 [level 12.1]
    Renderer:        NVIDIA GeForce RTX 3060 Laptop GPU (ID=0x2560)
    Vendor:          NVIDIA
    VRAM:            5996 MB
    App VRAM Budget: 5228 MB
    Driver:          32.0.15.8108
Initialize mono
Mono path[0] = 'D:/Unity 6.1/6000.1.13f1/Editor/Data/Managed'
Mono path[1] = 'D:/Unity 6.1/6000.1.13f1/Editor/Data/MonoBleedingEdge/lib/mono/unityjit-win32'
Mono config path = 'D:/Unity 6.1/6000.1.13f1/Editor/Data/MonoBleedingEdge/etc'
Using monoOptions --debugger-agent=transport=dt_socket,embedding=1,server=y,suspend=n,address=127.0.0.1:56472
Begin MonoManager ReloadAssembly
Registering precompiled unity dll's ...
Register platform support module: D:/Unity 6.1/6000.1.13f1/Editor/Data/PlaybackEngines/WebGLSupport/UnityEditor.WebGL.Extensions.dll
Register platform support module: D:/Unity 6.1/6000.1.13f1/Editor/Data/PlaybackEngines/WindowsStandaloneSupport/UnityEditor.WindowsStandalone.Extensions.dll
Registered in 0.001978 seconds.
- Loaded All Assemblies, in  0.468 seconds
Native extension for WindowsStandalone target not found
Native extension for WebGL target not found
Mono: successfully reloaded assembly
- Finished resetting the current domain, in  0.474 seconds
Domain Reload Profiling: 942ms
	BeginReloadAssembly (150ms)
		ExecutionOrderSort (0ms)
		DisableScriptedObjects (0ms)
		BackupInstance (0ms)
		ReleaseScriptingObjects (0ms)
		CreateAndSetChildDomain (1ms)
	RebuildCommonClasses (51ms)
	RebuildNativeTypeToScriptingClass (15ms)
	initialDomainReloadingComplete (58ms)
	LoadAllAssembliesAndSetupDomain (192ms)
		LoadAssemblies (149ms)
		RebuildTransferFunctionScriptingTraits (0ms)
		AnalyzeDomain (188ms)
			TypeCache.Refresh (185ms)
				TypeCache.ScanAssembly (169ms)
			BuildScriptInfoCaches (0ms)
			ResolveRequiredComponents (1ms)
	FinalizeReload (475ms)
		ReleaseScriptCaches (0ms)
		RebuildScriptCaches (0ms)
		SetupLoadedEditorAssemblies (411ms)
			LogAssemblyErrors (0ms)
			InitializePlatformSupportModulesInManaged (69ms)
			SetLoadedEditorAssemblies (6ms)
			BeforeProcessingInitializeOnLoad (82ms)
			ProcessInitializeOnLoadAttributes (174ms)
			ProcessInitializeOnLoadMethodAttributes (80ms)
			AfterProcessingInitializeOnLoad (0ms)
			EditorAssembliesLoaded (0ms)
		ExecutionOrderSort2 (0ms)
		AwakeInstancesAfterBackupRestoration (0ms)
========================================================================
Worker process is ready to serve import requests
Import Worker Mode flag is 0x00
Begin MonoManager ReloadAssembly
- Loaded All Assemblies, in  0.905 seconds
Refreshing native plugins compatible for Editor in 1.31 ms, found 3 plugins.
Native extension for WindowsStandalone target not found
Native extension for WebGL target not found
Mono: successfully reloaded assembly
- Finished resetting the current domain, in  0.889 seconds
Domain Reload Profiling: 1792ms
	BeginReloadAssembly (215ms)
		ExecutionOrderSort (0ms)
		DisableScriptedObjects (9ms)
		BackupInstance (0ms)
		ReleaseScriptingObjects (0ms)
		CreateAndSetChildDomain (39ms)
	RebuildCommonClasses (40ms)
	RebuildNativeTypeToScriptingClass (12ms)
	initialDomainReloadingComplete (49ms)
	LoadAllAssembliesAndSetupDomain (586ms)
		LoadAssemblies (420ms)
		RebuildTransferFunctionScriptingTraits (0ms)
		AnalyzeDomain (283ms)
			TypeCache.Refresh (210ms)
				TypeCache.ScanAssembly (192ms)
			BuildScriptInfoCaches (53ms)
			ResolveRequiredComponents (16ms)
	FinalizeReload (889ms)
		ReleaseScriptCaches (0ms)
		RebuildScriptCaches (0ms)
		SetupLoadedEditorAssemblies (665ms)
			LogAssemblyErrors (0ms)
			InitializePlatformSupportModulesInManaged (2ms)
			SetLoadedEditorAssemblies (4ms)
			BeforeProcessingInitializeOnLoad (146ms)
			ProcessInitializeOnLoadAttributes (443ms)
			ProcessInitializeOnLoadMethodAttributes (66ms)
			AfterProcessingInitializeOnLoad (3ms)
			EditorAssembliesLoaded (0ms)
		ExecutionOrderSort2 (0ms)
		AwakeInstancesAfterBackupRestoration (8ms)
Launched and connected shader compiler UnityShaderCompiler.exe after 0.02 seconds
Refreshing native plugins compatible for Editor in 1.29 ms, found 3 plugins.
Preloading 0 native plugins for Editor in 0.00 ms.
Unloading 12 Unused Serialized files (Serialized files now loaded: 0)
Unloading 6081 unused Assets / (5.0 MB). Loaded Objects now: 6801.
Memory consumption went from 135.3 MB to 130.3 MB.
Total: 10.749000 ms (FindLiveObjects: 0.879000 ms CreateObjectMapping: 1.198100 ms MarkObjects: 5.571500 ms  DeleteObjects: 3.099000 ms)

========================================================================
Received Import Request.
  Time since last request: 361520.475532 seconds.
  path: Assets/QuangPhan/Common/DEMO/HDRP_Settings/HDRPDefaultResources/DefaultVFXResources.asset
  artifactKey: Guid(145290c901d58b343bdeb3b4362c9ff2) Importer(2089858483,192608db42251d675da83286b1cce702)
Start importing Assets/QuangPhan/Common/DEMO/HDRP_Settings/HDRPDefaultResources/DefaultVFXResources.asset using Guid(145290c901d58b343bdeb3b4362c9ff2) Importer(2089858483,192608db42251d675da83286b1cce702) (ScriptedImporter) -> (artifact id: '309ace616545a1689fb79913704101c9') in 0.0870421 seconds
Number of updated asset objects reloaded before import = 0Number of asset objects unloaded after import = 1

========================================================================
Received Import Request.
  Time since last request: 0.000021 seconds.
  path: Assets/QuangPhan/G2_Mercenaries/Materials/Characters/Hairs/MI_HairsBlonde.mat
  artifactKey: Guid(adcb8672387ea8c48aba6dad7a55e9f5) Importer(2089858483,192608db42251d675da83286b1cce702)
Start importing Assets/QuangPhan/G2_Mercenaries/Materials/Characters/Hairs/MI_HairsBlonde.mat using Guid(adcb8672387ea8c48aba6dad7a55e9f5) Importer(2089858483,192608db42251d675da83286b1cce702) (ScriptedImporter) -> (artifact id: '69bd4cc71356c9797d497e989e1eb9bd') in 0.5560791 seconds
Number of updated asset objects reloaded before import = 0Number of asset objects unloaded after import = 16

========================================================================
Received Import Request.
  Time since last request: 0.000060 seconds.
  path: Assets/QuangPhan/G2_Mercenaries/Textures/Characters/Hairs/T_Hair_BC.tga
  artifactKey: Guid(175797913e3b2014b8d9de0b211b3e82) Importer(2089858483,192608db42251d675da83286b1cce702)
Start importing Assets/QuangPhan/G2_Mercenaries/Textures/Characters/Hairs/T_Hair_BC.tga using Guid(175797913e3b2014b8d9de0b211b3e82) Importer(2089858483,192608db42251d675da83286b1cce702) (ScriptedImporter) -> (artifact id: '7bc9b637ad009d7cbbec6ee693b6f40c') in 0.0933513 seconds
Number of updated asset objects reloaded before import = 0Number of asset objects unloaded after import = 1

========================================================================
Received Import Request.
  Time since last request: 0.000039 seconds.
  path: Assets/QuangPhan/Common/CHARACTER GUIDELINES/Unity Character Guidelines.pdf
  artifactKey: Guid(846cb9ee962e0e949bb32cab3194f56f) Importer(2089858483,192608db42251d675da83286b1cce702)
Start importing Assets/QuangPhan/Common/CHARACTER GUIDELINES/Unity Character Guidelines.pdf using Guid(846cb9ee962e0e949bb32cab3194f56f) Importer(2089858483,192608db42251d675da83286b1cce702) (ScriptedImporter) -> (artifact id: 'd09d7a6be48f662fdbda5c9d76d83a36') in 0.0154004 seconds
Number of updated asset objects reloaded before import = 0Number of asset objects unloaded after import = 1

========================================================================
Received Import Request.
  Time since last request: 0.000017 seconds.
  path: Assets/QuangPhan/Common/DEMO/Animator/Expression2_M.controller
  artifactKey: Guid(3f2cd76c7f8c27e4b80078756f839420) Importer(2089858483,192608db42251d675da83286b1cce702)
Start importing Assets/QuangPhan/Common/DEMO/Animator/Expression2_M.controller using Guid(3f2cd76c7f8c27e4b80078756f839420) Importer(2089858483,192608db42251d675da83286b1cce702) (ScriptedImporter) -> (artifact id: '9722317b5fb622767685bfe6df761c5e') in 0.0178915 seconds
Number of updated asset objects reloaded before import = 0Number of asset objects unloaded after import = 3

========================================================================
Received Import Request.
  Time since last request: 0.000027 seconds.
  path: Assets/QuangPhan/G2_Mercenaries/Textures/Characters/Skins/T_Head_BC.tga
  artifactKey: Guid(bd1bc4900e8e35649a1af910d972da84) Importer(2089858483,192608db42251d675da83286b1cce702)
Start importing Assets/QuangPhan/G2_Mercenaries/Textures/Characters/Skins/T_Head_BC.tga using Guid(bd1bc4900e8e35649a1af910d972da84) Importer(2089858483,192608db42251d675da83286b1cce702) (ScriptedImporter) -> (artifact id: '3d5197a7d50a2d3e16f16f18e5d5d05a') in 0.0222818 seconds
Number of updated asset objects reloaded before import = 0Number of asset objects unloaded after import = 1

========================================================================
Received Import Request.
  Time since last request: 0.000017 seconds.
  path: Assets/QuangPhan/G2_Mercenaries/Textures/Characters/Skins/T_Body_Dirt.tga
  artifactKey: Guid(0be0d596474a89c4a947a26431a90237) Importer(2089858483,192608db42251d675da83286b1cce702)
Start importing Assets/QuangPhan/G2_Mercenaries/Textures/Characters/Skins/T_Body_Dirt.tga using Guid(0be0d596474a89c4a947a26431a90237) Importer(2089858483,192608db42251d675da83286b1cce702) (ScriptedImporter) -> (artifact id: 'c046518c0317c74925bb0e3f6e8a0ac2') in 0.0291352 seconds
Number of updated asset objects reloaded before import = 0Number of asset objects unloaded after import = 1

========================================================================
Received Import Request.
  Time since last request: 0.000020 seconds.
  path: Assets/QuangPhan/G2_Mercenaries/Textures/Characters/Skins/T_Body_BC.tga
  artifactKey: Guid(bf2861675820b374a9ac95b800e207e1) Importer(2089858483,192608db42251d675da83286b1cce702)
Start importing Assets/QuangPhan/G2_Mercenaries/Textures/Characters/Skins/T_Body_BC.tga using Guid(bf2861675820b374a9ac95b800e207e1) Importer(2089858483,192608db42251d675da83286b1cce702) (ScriptedImporter) -> (artifact id: '21f64aa3ac55bc249bf5a3733c704aeb') in 0.0299478 seconds
Number of updated asset objects reloaded before import = 0Number of asset objects unloaded after import = 1

========================================================================
Received Import Request.
  Time since last request: 0.000024 seconds.
  path: Assets/QuangPhan/G2_Mercenaries/Textures/Characters/Skins/T_MBody_Dirt.tga
  artifactKey: Guid(9a4ae0c2eb0c3634a8c12550e4a83009) Importer(2089858483,192608db42251d675da83286b1cce702)
Start importing Assets/QuangPhan/G2_Mercenaries/Textures/Characters/Skins/T_MBody_Dirt.tga using Guid(9a4ae0c2eb0c3634a8c12550e4a83009) Importer(2089858483,192608db42251d675da83286b1cce702) (ScriptedImporter) -> (artifact id: '0b7a86c5573048ff7225ed34b0e8dc1d') in 0.0258255 seconds
Number of updated asset objects reloaded before import = 0Number of asset objects unloaded after import = 1

========================================================================
Received Import Request.
  Time since last request: 0.000018 seconds.
  path: Assets/QuangPhan/Common/Textures/HumanSkins/T_Noise_BC.tga
  artifactKey: Guid(dfeb1ce67808dcd4cb71e8ed64a757b1) Importer(2089858483,192608db42251d675da83286b1cce702)
Start importing Assets/QuangPhan/Common/Textures/HumanSkins/T_Noise_BC.tga using Guid(dfeb1ce67808dcd4cb71e8ed64a757b1) Importer(2089858483,192608db42251d675da83286b1cce702) (ScriptedImporter) -> (artifact id: '933a427ffe661e3cf4f1a336aaa8b664') in 0.0217021 seconds
Number of updated asset objects reloaded before import = 0Number of asset objects unloaded after import = 1

========================================================================
Received Import Request.
  Time since last request: 0.000017 seconds.
  path: Assets/QuangPhan/G2_Mercenaries/Materials/Clothings/MI_Gloves.mat
  artifactKey: Guid(62ae962870a37544d830f426949e71e1) Importer(2089858483,192608db42251d675da83286b1cce702)
Start importing Assets/QuangPhan/G2_Mercenaries/Materials/Clothings/MI_Gloves.mat using Guid(62ae962870a37544d830f426949e71e1) Importer(2089858483,192608db42251d675da83286b1cce702) (ScriptedImporter) -> (artifact id: '0e3e6d0420899fdc12d38d2db4358679') in 0.2294823 seconds
Number of updated asset objects reloaded before import = 0Number of asset objects unloaded after import = 12

========================================================================
Received Import Request.
  Time since last request: 0.000031 seconds.
  path: Assets/QuangPhan/G2_Mercenaries/Textures/Clothes/Clothes/T_Mask_BC.tga
  artifactKey: Guid(085ccdd8c8a027d43aa0a0fe205136d2) Importer(2089858483,192608db42251d675da83286b1cce702)
Start importing Assets/QuangPhan/G2_Mercenaries/Textures/Clothes/Clothes/T_Mask_BC.tga using Guid(085ccdd8c8a027d43aa0a0fe205136d2) Importer(2089858483,192608db42251d675da83286b1cce702) (ScriptedImporter) -> (artifact id: 'd6a42ad8eb1d6e6556b5c009f98dd6cf') in 0.0238787 seconds
Number of updated asset objects reloaded before import = 0Number of asset objects unloaded after import = 1

========================================================================
Received Import Request.
  Time since last request: 0.000027 seconds.
  path: Assets/QuangPhan/G2_Mercenaries/Textures/Clothes/Clothes/T_Gloves_ORM.tga
  artifactKey: Guid(7862b3f89aa910c4eb0dd1e20649fe47) Importer(2089858483,192608db42251d675da83286b1cce702)
Start importing Assets/QuangPhan/G2_Mercenaries/Textures/Clothes/Clothes/T_Gloves_ORM.tga using Guid(7862b3f89aa910c4eb0dd1e20649fe47) Importer(2089858483,192608db42251d675da83286b1cce702) (ScriptedImporter) -> (artifact id: '0ceed3ce4f00645406918bacec93cc74') in 0.0211885 seconds
Number of updated asset objects reloaded before import = 0Number of asset objects unloaded after import = 1

========================================================================
Received Import Request.
  Time since last request: 0.000021 seconds.
  path: Assets/QuangPhan/Common/Textures/Tilling Textures/T_TextureSample8_BC.tga
  artifactKey: Guid(c629648ab1cf8574d827debdfeade7f9) Importer(2089858483,192608db42251d675da83286b1cce702)
Start importing Assets/QuangPhan/Common/Textures/Tilling Textures/T_TextureSample8_BC.tga using Guid(c629648ab1cf8574d827debdfeade7f9) Importer(2089858483,192608db42251d675da83286b1cce702) (ScriptedImporter) -> (artifact id: '38f7d852101780a0f10320895bb6073a') in 0.0191149 seconds
Number of updated asset objects reloaded before import = 0Number of asset objects unloaded after import = 1

========================================================================
Received Import Request.
  Time since last request: 0.000017 seconds.
  path: Assets/QuangPhan/Common/DEMO/Animator/Expression2.controller
  artifactKey: Guid(e65723ddf7c80ee46b6324ab877d40c9) Importer(2089858483,192608db42251d675da83286b1cce702)
Start importing Assets/QuangPhan/Common/DEMO/Animator/Expression2.controller using Guid(e65723ddf7c80ee46b6324ab877d40c9) Importer(2089858483,192608db42251d675da83286b1cce702) (ScriptedImporter) -> (artifact id: '92efd617b7f3b43418365fd8676bbeb9') in 0.0131285 seconds
Number of updated asset objects reloaded before import = 0Number of asset objects unloaded after import = 3

========================================================================
Received Import Request.
  Time since last request: 0.000027 seconds.
  path: Assets/QuangPhan/Common/DEMO/HDRP_Settings/DawnHDRPSettings/DawnSampleSceneSkyandFogSettings.asset
  artifactKey: Guid(a123fc0ac58cb774e8592c925f167e7c) Importer(2089858483,192608db42251d675da83286b1cce702)
Start importing Assets/QuangPhan/Common/DEMO/HDRP_Settings/DawnHDRPSettings/DawnSampleSceneSkyandFogSettings.asset using Guid(a123fc0ac58cb774e8592c925f167e7c) Importer(2089858483,192608db42251d675da83286b1cce702) (ScriptedImporter) -> (artifact id: 'cb6c2e47b8ed9917c249cd077f0ecbc4') in 0.0197608 seconds
Number of updated asset objects reloaded before import = 0Number of asset objects unloaded after import = 4

========================================================================
Received Import Request.
  Time since last request: 0.000019 seconds.
  path: Assets/QuangPhan/Common/Textures/Eyes/T_Flakes_N.png
  artifactKey: Guid(8f0069172d360474185c49544e625516) Importer(2089858483,192608db42251d675da83286b1cce702)
Start importing Assets/QuangPhan/Common/Textures/Eyes/T_Flakes_N.png using Guid(8f0069172d360474185c49544e625516) Importer(2089858483,192608db42251d675da83286b1cce702) (ScriptedImporter) -> (artifact id: '64f3cc8c020cbd9ab0e29a140d71e4ea') in 0.0253026 seconds
Number of updated asset objects reloaded before import = 0Number of asset objects unloaded after import = 1

========================================================================
Received Import Request.
  Time since last request: 0.000028 seconds.
  path: Assets/QuangPhan/G2_Mercenaries/Textures/Clothes/Underwear/T_Bikini_Dirt.tga
  artifactKey: Guid(2214cfe0f3fa0f14ab88e8a79ff08786) Importer(2089858483,192608db42251d675da83286b1cce702)
Start importing Assets/QuangPhan/G2_Mercenaries/Textures/Clothes/Underwear/T_Bikini_Dirt.tga using Guid(2214cfe0f3fa0f14ab88e8a79ff08786) Importer(2089858483,192608db42251d675da83286b1cce702) (ScriptedImporter) -> (artifact id: '878e7544d3d89617d3f9dcd51b193574') in 0.0278285 seconds
Number of updated asset objects reloaded before import = 0Number of asset objects unloaded after import = 1

========================================================================
Received Import Request.
  Time since last request: 0.000019 seconds.
  path: Assets/QuangPhan/G2_Mercenaries/Textures/Clothes/Clothes/T_Swords_M.tga
  artifactKey: Guid(85f1b5f0de5bc7643a355eaa679abd9a) Importer(2089858483,192608db42251d675da83286b1cce702)
Start importing Assets/QuangPhan/G2_Mercenaries/Textures/Clothes/Clothes/T_Swords_M.tga using Guid(85f1b5f0de5bc7643a355eaa679abd9a) Importer(2089858483,192608db42251d675da83286b1cce702) (ScriptedImporter) -> (artifact id: '753c4aabb749711b94c7382b1a77248a') in 0.0302448 seconds
Number of updated asset objects reloaded before import = 0Number of asset objects unloaded after import = 1

========================================================================
Received Import Request.
  Time since last request: 0.000030 seconds.
  path: Assets/QuangPhan/G2_Mercenaries/Textures/Clothes/Clothes/T_Shirts_M.tga
  artifactKey: Guid(e876fc46416480a4eabbd02bd4630b90) Importer(2089858483,192608db42251d675da83286b1cce702)
Start importing Assets/QuangPhan/G2_Mercenaries/Textures/Clothes/Clothes/T_Shirts_M.tga using Guid(e876fc46416480a4eabbd02bd4630b90) Importer(2089858483,192608db42251d675da83286b1cce702) (ScriptedImporter) -> (artifact id: '07a56683c52d667413bf2436710c4f16') in 0.0265114 seconds
Number of updated asset objects reloaded before import = 0Number of asset objects unloaded after import = 1

========================================================================
Received Import Request.
  Time since last request: 0.000026 seconds.
  path: Assets/QuangPhan/G2_Mercenaries/Textures/Clothes/Clothes/T_Pants_M.tga
  artifactKey: Guid(ee391697904aa574e9b37c4728d0ed3b) Importer(2089858483,192608db42251d675da83286b1cce702)
Start importing Assets/QuangPhan/G2_Mercenaries/Textures/Clothes/Clothes/T_Pants_M.tga using Guid(ee391697904aa574e9b37c4728d0ed3b) Importer(2089858483,192608db42251d675da83286b1cce702) (ScriptedImporter) -> (artifact id: '1c3902de4eefe20911f37bcea132c850') in 0.02631 seconds
Number of updated asset objects reloaded before import = 0Number of asset objects unloaded after import = 1

========================================================================
Received Import Request.
  Time since last request: 0.000036 seconds.
  path: Assets/QuangPhan/G2_Mercenaries/Textures/Clothes/Clothes/T_Shoes_ORM.tga
  artifactKey: Guid(f890851f729a7574fa1c4638a7257f8b) Importer(2089858483,192608db42251d675da83286b1cce702)
Start importing Assets/QuangPhan/G2_Mercenaries/Textures/Clothes/Clothes/T_Shoes_ORM.tga using Guid(f890851f729a7574fa1c4638a7257f8b) Importer(2089858483,192608db42251d675da83286b1cce702) (ScriptedImporter) -> (artifact id: 'a9be557249b86f14f714d1b872061eb5') in 0.0246878 seconds
Number of updated asset objects reloaded before import = 0Number of asset objects unloaded after import = 1

========================================================================
Received Import Request.
  Time since last request: 0.000019 seconds.
  path: Assets/QuangPhan/G2_Mercenaries/Textures/Clothes/Clothes/T_Shoes_N.tga
  artifactKey: Guid(3b5b47dfcaaa247469d0ca5c9e09318d) Importer(2089858483,192608db42251d675da83286b1cce702)
Start importing Assets/QuangPhan/G2_Mercenaries/Textures/Clothes/Clothes/T_Shoes_N.tga using Guid(3b5b47dfcaaa247469d0ca5c9e09318d) Importer(2089858483,192608db42251d675da83286b1cce702) (ScriptedImporter) -> (artifact id: '30e1028f73b1e9682d0d40c11ce30b16') in 0.0241505 seconds
Number of updated asset objects reloaded before import = 0Number of asset objects unloaded after import = 1

========================================================================
Received Import Request.
  Time since last request: 0.000017 seconds.
  path: Assets/QuangPhan/G2_Mercenaries/Prefabs/SK_PP801_Mercenary_Style (1) Variant.prefab
  artifactKey: Guid(9975cd9b50bf81e40a2e456a4034bc41) Importer(2089858483,192608db42251d675da83286b1cce702)
Start importing Assets/QuangPhan/G2_Mercenaries/Prefabs/SK_PP801_Mercenary_Style (1) Variant.prefab using Guid(9975cd9b50bf81e40a2e456a4034bc41) Importer(2089858483,192608db42251d675da83286b1cce702) (ScriptedImporter) -> (artifact id: 'f7cd0d84ff552ea537d77853dcbbb9bd') in 0.068334 seconds
Number of updated asset objects reloaded before import = 0Number of asset objects unloaded after import = 877

========================================================================
Received Import Request.
  Time since last request: 0.000025 seconds.
  path: Assets/QuangPhan/G2_Mercenaries/Prefabs/SK_PP801_Mercenary_Style (3) Variant.prefab
  artifactKey: Guid(93df8c7e8430ed84c88adbeaf918c149) Importer(2089858483,192608db42251d675da83286b1cce702)
Start importing Assets/QuangPhan/G2_Mercenaries/Prefabs/SK_PP801_Mercenary_Style (3) Variant.prefab using Guid(93df8c7e8430ed84c88adbeaf918c149) Importer(2089858483,192608db42251d675da83286b1cce702) (ScriptedImporter) -> (artifact id: 'b7f35f2046686d490bd6edc97a3c2d4f') in 0.0428568 seconds
Number of updated asset objects reloaded before import = 0Number of asset objects unloaded after import = 877

========================================================================
Received Import Request.
  Time since last request: 0.000028 seconds.
  path: Assets/QuangPhan/Common/DawnShader_SG/ClothingShader.shadergraph
  artifactKey: Guid(0d520d2293c0afb46babbd8a6612ef38) Importer(2089858483,192608db42251d675da83286b1cce702)
Start importing Assets/QuangPhan/Common/DawnShader_SG/ClothingShader.shadergraph using Guid(0d520d2293c0afb46babbd8a6612ef38) Importer(2089858483,192608db42251d675da83286b1cce702) (ScriptedImporter) -> (artifact id: '08e79853246e01dbd24ae953ed03379a') in 0.0346498 seconds
Number of updated asset objects reloaded before import = 0Number of asset objects unloaded after import = 10

========================================================================
Received Import Request.
  Time since last request: 0.000019 seconds.
  path: Assets/QuangPhan/G2_Mercenaries/Materials/Characters/Hairs/MI_HairsDyeing 1.mat
  artifactKey: Guid(1c79235c6ec6bfe4689a8158e7f10b00) Importer(2089858483,192608db42251d675da83286b1cce702)
Start importing Assets/QuangPhan/G2_Mercenaries/Materials/Characters/Hairs/MI_HairsDyeing 1.mat using Guid(1c79235c6ec6bfe4689a8158e7f10b00) Importer(2089858483,192608db42251d675da83286b1cce702) (ScriptedImporter) -> (artifact id: '3e642f1864390a35205fad93a90ac456') in 0.1095669 seconds
Number of updated asset objects reloaded before import = 0Number of asset objects unloaded after import = 16

========================================================================
Received Import Request.
  Time since last request: 0.000026 seconds.
  path: Assets/QuangPhan/G2_Mercenaries/Textures/Characters/Hairs/T_Hair_Root.tga
  artifactKey: Guid(9421f8c6f2f4b5a418e2368d299a831c) Importer(2089858483,192608db42251d675da83286b1cce702)
Start importing Assets/QuangPhan/G2_Mercenaries/Textures/Characters/Hairs/T_Hair_Root.tga using Guid(9421f8c6f2f4b5a418e2368d299a831c) Importer(2089858483,192608db42251d675da83286b1cce702) (ScriptedImporter) -> (artifact id: 'b6dc0400f0af566f97cfec2cd7bcd87c') in 0.0201221 seconds
Number of updated asset objects reloaded before import = 0Number of asset objects unloaded after import = 1

========================================================================
Received Import Request.
  Time since last request: 0.000032 seconds.
  path: Assets/QuangPhan/Common/DawnShader_SG/EnergyShader.shadergraph
  artifactKey: Guid(0738b22802c2de047b8acc08d7a9f848) Importer(2089858483,192608db42251d675da83286b1cce702)
Start importing Assets/QuangPhan/Common/DawnShader_SG/EnergyShader.shadergraph using Guid(0738b22802c2de047b8acc08d7a9f848) Importer(2089858483,192608db42251d675da83286b1cce702) (ScriptedImporter) -> (artifact id: '3e3d3a8c6c8d37337cc7cdd938a6d10c') in 0.2771718 seconds
Number of updated asset objects reloaded before import = 0Number of asset objects unloaded after import = 7

========================================================================
Received Import Request.
  Time since last request: 0.000028 seconds.
  path: Assets/QuangPhan/G2_Mercenaries/Textures/Clothes/Clothes/T_Mask_Dirt.tga
  artifactKey: Guid(2e15ab5ad70672744a2f33ccd8f3e319) Importer(2089858483,192608db42251d675da83286b1cce702)
Start importing Assets/QuangPhan/G2_Mercenaries/Textures/Clothes/Clothes/T_Mask_Dirt.tga using Guid(2e15ab5ad70672744a2f33ccd8f3e319) Importer(2089858483,192608db42251d675da83286b1cce702) (ScriptedImporter) -> (artifact id: '130c6ce723d67c09fc978f7e835eaa00') in 0.0205419 seconds
Number of updated asset objects reloaded before import = 0Number of asset objects unloaded after import = 1

========================================================================
Received Import Request.
  Time since last request: 0.000040 seconds.
  path: Assets/QuangPhan/G2_Mercenaries/Materials/Clothings/MI_Swords.mat
  artifactKey: Guid(013ac91dccca4a64c9db74eb5f8cad81) Importer(2089858483,192608db42251d675da83286b1cce702)
Start importing Assets/QuangPhan/G2_Mercenaries/Materials/Clothings/MI_Swords.mat using Guid(013ac91dccca4a64c9db74eb5f8cad81) Importer(2089858483,192608db42251d675da83286b1cce702) (ScriptedImporter) -> (artifact id: '28513206eddd43475ae87019eabbfe05') in 0.0688601 seconds
Number of updated asset objects reloaded before import = 0Number of asset objects unloaded after import = 13

========================================================================
Received Import Request.
  Time since last request: 0.000023 seconds.
  path: Assets/QuangPhan/G2_Mercenaries/Prefabs/SK_PP801_Mercenary_Style (5) Variant.prefab
  artifactKey: Guid(5b9b792eded7bf24db4e421a6c68cd44) Importer(2089858483,192608db42251d675da83286b1cce702)
Start importing Assets/QuangPhan/G2_Mercenaries/Prefabs/SK_PP801_Mercenary_Style (5) Variant.prefab using Guid(5b9b792eded7bf24db4e421a6c68cd44) Importer(2089858483,192608db42251d675da83286b1cce702) (ScriptedImporter) -> (artifact id: '345f78db8ace407a560c0364933255b6') in 0.0359339 seconds
Number of updated asset objects reloaded before import = 0Number of asset objects unloaded after import = 877

========================================================================
Received Import Request.
  Time since last request: 0.000019 seconds.
  path: Assets/QuangPhan/G2_Mercenaries/Textures/Characters/Hairs/T_Hair_DyeMask.tga
  artifactKey: Guid(c7e18d0fa2350a341b2c6ab8a45035e8) Importer(2089858483,192608db42251d675da83286b1cce702)
Start importing Assets/QuangPhan/G2_Mercenaries/Textures/Characters/Hairs/T_Hair_DyeMask.tga using Guid(c7e18d0fa2350a341b2c6ab8a45035e8) Importer(2089858483,192608db42251d675da83286b1cce702) (ScriptedImporter) -> (artifact id: '9729c0bc0fcbf1b431322a0327ce5e5a') in 0.0333506 seconds
Number of updated asset objects reloaded before import = 0Number of asset objects unloaded after import = 1

========================================================================
Received Import Request.
  Time since last request: 0.000029 seconds.
  path: Assets/QuangPhan/G2_Mercenaries/Textures/Clothes/Clothes/T_MShirts_ORM.tga
  artifactKey: Guid(76d9bb0dcb13ddc4a9d361ec7c9c11f4) Importer(2089858483,192608db42251d675da83286b1cce702)
Start importing Assets/QuangPhan/G2_Mercenaries/Textures/Clothes/Clothes/T_MShirts_ORM.tga using Guid(76d9bb0dcb13ddc4a9d361ec7c9c11f4) Importer(2089858483,192608db42251d675da83286b1cce702) (ScriptedImporter) -> (artifact id: '796a8d382e683d7c80e3747b8677764f') in 0.0260698 seconds
Number of updated asset objects reloaded before import = 0Number of asset objects unloaded after import = 1

========================================================================
Received Import Request.
  Time since last request: 0.000033 seconds.
  path: Assets/QuangPhan/Common/DawnShader_SG/EyeShader.shadergraph
  artifactKey: Guid(5626f64d3fd95a04f86a8e750392b5ea) Importer(2089858483,192608db42251d675da83286b1cce702)
Start importing Assets/QuangPhan/Common/DawnShader_SG/EyeShader.shadergraph using Guid(5626f64d3fd95a04f86a8e750392b5ea) Importer(2089858483,192608db42251d675da83286b1cce702) (ScriptedImporter) -> (artifact id: '6bba3a179ab0af8c74ad4eb235b7ae3d') in 0.1771669 seconds
Number of updated asset objects reloaded before import = 0Number of asset objects unloaded after import = 7

========================================================================
Received Import Request.
  Time since last request: 0.000022 seconds.
  path: Assets/QuangPhan/G2_Mercenaries/Textures/Characters/Skins/T_Body_ORM.tga
  artifactKey: Guid(38812a1d6e8535b4f9d8f5c0678f0e73) Importer(2089858483,192608db42251d675da83286b1cce702)
Start importing Assets/QuangPhan/G2_Mercenaries/Textures/Characters/Skins/T_Body_ORM.tga using Guid(38812a1d6e8535b4f9d8f5c0678f0e73) Importer(2089858483,192608db42251d675da83286b1cce702) (ScriptedImporter) -> (artifact id: '3980b0f7d34e788d577d7e29d12ad3ae') in 0.0258404 seconds
Number of updated asset objects reloaded before import = 0Number of asset objects unloaded after import = 1

========================================================================
Received Import Request.
  Time since last request: 0.000039 seconds.
  path: Assets/QuangPhan/G2_Mercenaries/Textures/Clothes/Clothes/T_MShirts_N.tga
  artifactKey: Guid(32c9933c7ce36ce4d85f82a26564e5ab) Importer(2089858483,192608db42251d675da83286b1cce702)
Start importing Assets/QuangPhan/G2_Mercenaries/Textures/Clothes/Clothes/T_MShirts_N.tga using Guid(32c9933c7ce36ce4d85f82a26564e5ab) Importer(2089858483,192608db42251d675da83286b1cce702) (ScriptedImporter) -> (artifact id: '5c9898db3a6aa6d770ed94c17330c0a1') in 0.0345529 seconds
Number of updated asset objects reloaded before import = 0Number of asset objects unloaded after import = 1

========================================================================
Received Import Request.
  Time since last request: 0.000022 seconds.
  path: Assets/QuangPhan/G2_Mercenaries/Prefabs/SK_LP287_Mercenary_Play Variant.prefab
  artifactKey: Guid(7433d798bb99f2f4888593928d131e11) Importer(2089858483,192608db42251d675da83286b1cce702)
Start importing Assets/QuangPhan/G2_Mercenaries/Prefabs/SK_LP287_Mercenary_Play Variant.prefab using Guid(7433d798bb99f2f4888593928d131e11) Importer(2089858483,192608db42251d675da83286b1cce702) (ScriptedImporter) -> (artifact id: '159017a8d7b065f9928e591d44e61788') in 0.2465617 seconds
Number of updated asset objects reloaded before import = 0Number of asset objects unloaded after import = 1339

========================================================================
Received Import Request.
  Time since last request: 4.640907 seconds.
  path: Assets/QuangPhan/G2_Mercenaries/Textures/Clothes/Underwear/T_Bikini_M.tga
  artifactKey: Guid(2edeb5268b1c9d84dbad60245b697c28) Importer(2089858483,192608db42251d675da83286b1cce702)
Start importing Assets/QuangPhan/G2_Mercenaries/Textures/Clothes/Underwear/T_Bikini_M.tga using Guid(2edeb5268b1c9d84dbad60245b697c28) Importer(2089858483,192608db42251d675da83286b1cce702) (ScriptedImporter) -> (artifact id: 'b867f7dffc7ac12d47778b41fe0c6993') in 0.0265269 seconds
Number of updated asset objects reloaded before import = 0Number of asset objects unloaded after import = 1

========================================================================
Received Import Request.
  Time since last request: 0.000021 seconds.
  path: Assets/QuangPhan/Common/DEMO/Scripts/TextMesh Pro/Resources/LineBreaking Leading Characters.txt
  artifactKey: Guid(d82c1b31c7e74239bff1220585707d2b) Importer(2089858483,192608db42251d675da83286b1cce702)
Start importing Assets/QuangPhan/Common/DEMO/Scripts/TextMesh Pro/Resources/LineBreaking Leading Characters.txt using Guid(d82c1b31c7e74239bff1220585707d2b) Importer(2089858483,192608db42251d675da83286b1cce702) (ScriptedImporter) -> (artifact id: '6f78e8dcc4b96a1f9415194a75c1b3b2') in 0.0121509 seconds
Number of updated asset objects reloaded before import = 0Number of asset objects unloaded after import = 1

========================================================================
Received Import Request.
  Time since last request: 0.000082 seconds.
  path: Assets/QuangPhan/Common/DEMO/Scripts/TextMesh Pro/Shaders/TMP_Bitmap.shader
  artifactKey: Guid(128e987d567d4e2c824d754223b3f3b0) Importer(2089858483,192608db42251d675da83286b1cce702)
Start importing Assets/QuangPhan/Common/DEMO/Scripts/TextMesh Pro/Shaders/TMP_Bitmap.shader using Guid(128e987d567d4e2c824d754223b3f3b0) Importer(2089858483,192608db42251d675da83286b1cce702) (ScriptedImporter) -> (artifact id: '27d4aa0eec84c63bf01f1f1f58239946') in 0.0215788 seconds
Number of updated asset objects reloaded before import = 0Number of asset objects unloaded after import = 1

========================================================================
Received Import Request.
  Time since last request: 0.000034 seconds.
  path: Assets/QuangPhan/Common/DEMO/Scripts/TextMesh Pro/Shaders/TMP_SDF-Mobile Overlay.shader
  artifactKey: Guid(a02a7d8c237544f1962732b55a9aebf1) Importer(2089858483,192608db42251d675da83286b1cce702)
Start importing Assets/QuangPhan/Common/DEMO/Scripts/TextMesh Pro/Shaders/TMP_SDF-Mobile Overlay.shader using Guid(a02a7d8c237544f1962732b55a9aebf1) Importer(2089858483,192608db42251d675da83286b1cce702) (ScriptedImporter) -> (artifact id: '1a5cb242c258ce249edeb3fc6604030b') in 0.0234389 seconds
Number of updated asset objects reloaded before import = 0Number of asset objects unloaded after import = 1

========================================================================
Received Import Request.
  Time since last request: 0.000032 seconds.
  path: Assets/QuangPhan/G2_Mercenaries/Materials/Characters/Skins/Examples/MI_Head 1.mat
  artifactKey: Guid(137795f59f4a3f9449ec19b52b29978c) Importer(2089858483,192608db42251d675da83286b1cce702)
Start importing Assets/QuangPhan/G2_Mercenaries/Materials/Characters/Skins/Examples/MI_Head 1.mat using Guid(137795f59f4a3f9449ec19b52b29978c) Importer(2089858483,192608db42251d675da83286b1cce702) (ScriptedImporter) -> (artifact id: '06ddc84af0bf58d0869015064aa27b42') in 0.3015115 seconds
Number of updated asset objects reloaded before import = 0Number of asset objects unloaded after import = 16

========================================================================
Received Import Request.
  Time since last request: 0.000037 seconds.
  path: Assets/QuangPhan/G2_Mercenaries/Textures/Clothes/Underwear/T_Underwear_N.tga
  artifactKey: Guid(4285eb68cff882e4c9d6d753d829ae1a) Importer(2089858483,192608db42251d675da83286b1cce702)
Start importing Assets/QuangPhan/G2_Mercenaries/Textures/Clothes/Underwear/T_Underwear_N.tga using Guid(4285eb68cff882e4c9d6d753d829ae1a) Importer(2089858483,192608db42251d675da83286b1cce702) (ScriptedImporter) -> (artifact id: 'd2ec36e69b13b6296358116f10bd5391') in 0.0263763 seconds
Number of updated asset objects reloaded before import = 0Number of asset objects unloaded after import = 1

========================================================================
Received Import Request.
  Time since last request: 0.000034 seconds.
  path: Assets/QuangPhan/Common/DEMO/Scripts/TPS Scrips/Controllers/Common/InputSystem/StarterAssets.cs
  artifactKey: Guid(689e6ea9e22a57845af067e1d0225ede) Importer(2089858483,192608db42251d675da83286b1cce702)
Start importing Assets/QuangPhan/Common/DEMO/Scripts/TPS Scrips/Controllers/Common/InputSystem/StarterAssets.cs using Guid(689e6ea9e22a57845af067e1d0225ede) Importer(2089858483,192608db42251d675da83286b1cce702) (ScriptedImporter) -> (artifact id: 'c7705e371753fa9facb2008b9ebf654b') in 0.0183319 seconds
Number of updated asset objects reloaded before import = 0Number of asset objects unloaded after import = 0

========================================================================
Received Import Request.
  Time since last request: 0.000017 seconds.
  path: Assets/QuangPhan/G2_Mercenaries/Textures/Clothes/Underwear/T_Underwear_M.tga
  artifactKey: Guid(bc794a051f1f2304e8c69038bf64d0d4) Importer(2089858483,192608db42251d675da83286b1cce702)
Start importing Assets/QuangPhan/G2_Mercenaries/Textures/Clothes/Underwear/T_Underwear_M.tga using Guid(bc794a051f1f2304e8c69038bf64d0d4) Importer(2089858483,192608db42251d675da83286b1cce702) (ScriptedImporter) -> (artifact id: '11410144c4605912fce08f6af5412c93') in 0.025793 seconds
Number of updated asset objects reloaded before import = 0Number of asset objects unloaded after import = 1

========================================================================
Received Import Request.
  Time since last request: 0.000017 seconds.
  path: Assets/QuangPhan/Common/DEMO/Scripts/TextMesh Pro/Shaders/TMP_SDF-Surface.shader
  artifactKey: Guid(f7ada0af4f174f0694ca6a487b8f543d) Importer(2089858483,192608db42251d675da83286b1cce702)
Start importing Assets/QuangPhan/Common/DEMO/Scripts/TextMesh Pro/Shaders/TMP_SDF-Surface.shader using Guid(f7ada0af4f174f0694ca6a487b8f543d) Importer(2089858483,192608db42251d675da83286b1cce702) (ScriptedImporter) -> (artifact id: '18a249a62f7cb569ffc75e0ab6ecbd6a') in 0.0169631 seconds
Number of updated asset objects reloaded before import = 0Number of asset objects unloaded after import = 1

========================================================================
Received Import Request.
  Time since last request: 0.000023 seconds.
  path: Assets/QuangPhan/Common/DEMO/Scripts/TextMesh Pro/Shaders/TMPro_Properties.cginc
  artifactKey: Guid(3997e2241185407d80309a82f9148466) Importer(2089858483,192608db42251d675da83286b1cce702)
Start importing Assets/QuangPhan/Common/DEMO/Scripts/TextMesh Pro/Shaders/TMPro_Properties.cginc using Guid(3997e2241185407d80309a82f9148466) Importer(2089858483,192608db42251d675da83286b1cce702) (ScriptedImporter) -> (artifact id: '39c7e5bdb4a9fafb9df96b0d7644d93a') in 0.0147018 seconds
Number of updated asset objects reloaded before import = 0Number of asset objects unloaded after import = 1

========================================================================
Received Import Request.
  Time since last request: 0.000034 seconds.
  path: Assets/QuangPhan/G2_Mercenaries/Materials/Characters/Skins/Examples/MI_Head 3.mat
  artifactKey: Guid(4b47122223f123f459f1080f2792d34b) Importer(2089858483,192608db42251d675da83286b1cce702)
Start importing Assets/QuangPhan/G2_Mercenaries/Materials/Characters/Skins/Examples/MI_Head 3.mat using Guid(4b47122223f123f459f1080f2792d34b) Importer(2089858483,192608db42251d675da83286b1cce702) (ScriptedImporter) -> (artifact id: 'd584ae5f8cbea3ccdcab9c3542dbeb97') in 0.0484353 seconds
Number of updated asset objects reloaded before import = 0Number of asset objects unloaded after import = 16

========================================================================
Received Import Request.
  Time since last request: 0.000022 seconds.
  path: Assets/QuangPhan/Common/DEMO/Scripts/TextMesh Pro/Shaders/TMP_SDF-Surface-Mobile.shader
  artifactKey: Guid(85187c2149c549c5b33f0cdb02836b17) Importer(2089858483,192608db42251d675da83286b1cce702)
Start importing Assets/QuangPhan/Common/DEMO/Scripts/TextMesh Pro/Shaders/TMP_SDF-Surface-Mobile.shader using Guid(85187c2149c549c5b33f0cdb02836b17) Importer(2089858483,192608db42251d675da83286b1cce702) (ScriptedImporter) -> (artifact id: '6d4ddf57e42be22e2009479104b13dbf') in 0.0159203 seconds
Number of updated asset objects reloaded before import = 0Number of asset objects unloaded after import = 1

========================================================================
Received Import Request.
  Time since last request: 0.000020 seconds.
  path: Assets/QuangPhan/Common/DEMO/Scripts/TextMesh Pro/Shaders/TMPro_Surface.cginc
  artifactKey: Guid(d930090c0cd643c7b55f19a38538c162) Importer(2089858483,192608db42251d675da83286b1cce702)
Start importing Assets/QuangPhan/Common/DEMO/Scripts/TextMesh Pro/Shaders/TMPro_Surface.cginc using Guid(d930090c0cd643c7b55f19a38538c162) Importer(2089858483,192608db42251d675da83286b1cce702) (ScriptedImporter) -> (artifact id: '24b4244b2fa8cb5b77778623cc51d624') in 0.0118633 seconds
Number of updated asset objects reloaded before import = 0Number of asset objects unloaded after import = 1

========================================================================
Received Prepare
Begin MonoManager ReloadAssembly
- Loaded All Assemblies, in  0.803 seconds
Refreshing native plugins compatible for Editor in 0.87 ms, found 3 plugins.
Native extension for WindowsStandalone target not found
Native extension for WebGL target not found
Mono: successfully reloaded assembly
- Finished resetting the current domain, in  0.812 seconds
Domain Reload Profiling: 1618ms
	BeginReloadAssembly (266ms)
		ExecutionOrderSort (0ms)
		DisableScriptedObjects (7ms)
		BackupInstance (0ms)
		ReleaseScriptingObjects (0ms)
		CreateAndSetChildDomain (96ms)
	RebuildCommonClasses (44ms)
	RebuildNativeTypeToScriptingClass (13ms)
	initialDomainReloadingComplete (30ms)
	LoadAllAssembliesAndSetupDomain (451ms)
		LoadAssemblies (364ms)
		RebuildTransferFunctionScriptingTraits (0ms)
		AnalyzeDomain (192ms)
			TypeCache.Refresh (12ms)
				TypeCache.ScanAssembly (1ms)
			BuildScriptInfoCaches (164ms)
			ResolveRequiredComponents (12ms)
	FinalizeReload (813ms)
		ReleaseScriptCaches (0ms)
		RebuildScriptCaches (0ms)
		SetupLoadedEditorAssemblies (625ms)
			LogAssemblyErrors (0ms)
			InitializePlatformSupportModulesInManaged (2ms)
			SetLoadedEditorAssemblies (3ms)
			BeforeProcessingInitializeOnLoad (146ms)
			ProcessInitializeOnLoadAttributes (411ms)
			ProcessInitializeOnLoadMethodAttributes (60ms)
			AfterProcessingInitializeOnLoad (3ms)
			EditorAssembliesLoaded (0ms)
		ExecutionOrderSort2 (0ms)
		AwakeInstancesAfterBackupRestoration (18ms)
Refreshing native plugins compatible for Editor in 1.00 ms, found 3 plugins.
Preloading 0 native plugins for Editor in 0.00 ms.
Unloading 12 Unused Serialized files (Serialized files now loaded: 0)
Unloading 6111 unused Assets / (4.6 MB). Loaded Objects now: 6852.
Memory consumption went from 142.8 MB to 138.2 MB.
Total: 8.546000 ms (FindLiveObjects: 0.695800 ms CreateObjectMapping: 0.548400 ms MarkObjects: 4.719700 ms  DeleteObjects: 2.580800 ms)

Prepare: number of updated asset objects reloaded= 0
========================================================================
Received Import Request.
  Time since last request: 211.387415 seconds.
  path: Assets/QuangPhan
  artifactKey: Guid(f9b008ccd36e381408482a19c49f7279) Importer(815301076,1909f56bfc062723c751e8b465ee728b)
Start importing Assets/QuangPhan using Guid(f9b008ccd36e381408482a19c49f7279) Importer(815301076,1909f56bfc062723c751e8b465ee728b) (PreviewImporter) -> (artifact id: 'f523e2984a98b9019240801b5ed08734') in 0.0021753 seconds
Number of updated asset objects reloaded before import = 13Number of asset objects unloaded after import = 0

========================================================================
Received Prepare
Refreshing native plugins compatible for Editor in 0.96 ms, found 3 plugins.
Preloading 0 native plugins for Editor in 0.00 ms.
Unloading 12 Unused Serialized files (Serialized files now loaded: 0)
Unloading 6062 unused Assets / (4.2 MB). Loaded Objects now: 6807.
Memory consumption went from 141.8 MB to 137.6 MB.
Total: 10.356800 ms (FindLiveObjects: 0.655900 ms CreateObjectMapping: 0.692000 ms MarkObjects: 6.337500 ms  DeleteObjects: 2.669900 ms)

Prepare: number of updated asset objects reloaded= 20
========================================================================
Received Prepare
Begin MonoManager ReloadAssembly
- Loaded All Assemblies, in  0.708 seconds
Refreshing native plugins compatible for Editor in 1.00 ms, found 3 plugins.
Native extension for WindowsStandalone target not found
Native extension for WebGL target not found
Mono: successfully reloaded assembly
- Finished resetting the current domain, in  0.741 seconds
Domain Reload Profiling: 1451ms
	BeginReloadAssembly (206ms)
		ExecutionOrderSort (0ms)
		DisableScriptedObjects (6ms)
		BackupInstance (0ms)
		ReleaseScriptingObjects (0ms)
		CreateAndSetChildDomain (54ms)
	RebuildCommonClasses (37ms)
	RebuildNativeTypeToScriptingClass (14ms)
	initialDomainReloadingComplete (27ms)
	LoadAllAssembliesAndSetupDomain (425ms)
		LoadAssemblies (304ms)
		RebuildTransferFunctionScriptingTraits (0ms)
		AnalyzeDomain (218ms)
			TypeCache.Refresh (107ms)
				TypeCache.ScanAssembly (96ms)
			BuildScriptInfoCaches (97ms)
			ResolveRequiredComponents (10ms)
	FinalizeReload (742ms)
		ReleaseScriptCaches (0ms)
		RebuildScriptCaches (0ms)
		SetupLoadedEditorAssemblies (576ms)
			LogAssemblyErrors (0ms)
			InitializePlatformSupportModulesInManaged (3ms)
			SetLoadedEditorAssemblies (6ms)
			BeforeProcessingInitializeOnLoad (141ms)
			ProcessInitializeOnLoadAttributes (372ms)
			ProcessInitializeOnLoadMethodAttributes (52ms)
			AfterProcessingInitializeOnLoad (2ms)
			EditorAssembliesLoaded (0ms)
		ExecutionOrderSort2 (0ms)
		AwakeInstancesAfterBackupRestoration (15ms)
Refreshing native plugins compatible for Editor in 0.93 ms, found 3 plugins.
Preloading 0 native plugins for Editor in 0.00 ms.
Unloading 12 Unused Serialized files (Serialized files now loaded: 0)
Unloading 6069 unused Assets / (4.5 MB). Loaded Objects now: 6789.
Memory consumption went from 137.0 MB to 132.5 MB.
Total: 9.736100 ms (FindLiveObjects: 0.630400 ms CreateObjectMapping: 0.752100 ms MarkObjects: 5.581600 ms  DeleteObjects: 2.770700 ms)

Prepare: number of updated asset objects reloaded= 0
========================================================================
Received Import Request.
  Time since last request: 32.877142 seconds.
  path: Assets/Scenes/SampleScene.unity
  artifactKey: Guid(99c9720ab356a0642a771bea13969a05) Importer(815301076,1909f56bfc062723c751e8b465ee728b)
Start importing Assets/Scenes/SampleScene.unity using Guid(99c9720ab356a0642a771bea13969a05) Importer(815301076,1909f56bfc062723c751e8b465ee728b) (PreviewImporter) -> (artifact id: '504780e405905a6877e99265ca29e7be') in 0.0013993 seconds
Number of updated asset objects reloaded before import = 0Number of asset objects unloaded after import = 0

========================================================================
Received Import Request.
  Time since last request: 546.518493 seconds.
  path: Assets/source 1
  artifactKey: Guid(c79798ba4cb29e141901fb67c0798abb) Importer(815301076,1909f56bfc062723c751e8b465ee728b)
Start importing Assets/source 1 using Guid(c79798ba4cb29e141901fb67c0798abb) Importer(815301076,1909f56bfc062723c751e8b465ee728b) (PreviewImporter) -> (artifact id: '09d121ea91b5f08e1a45f05d1325da7d') in 0.0006428 seconds
Number of updated asset objects reloaded before import = 0Number of asset objects unloaded after import = 0

========================================================================
Received Import Request.
  Time since last request: 5.067953 seconds.
  path: Assets/source/Sci-Fi_Trooper_Girl_v1.unitypackage
  artifactKey: Guid(ad476ecc06a185248b0906df161f0a2b) Importer(815301076,1909f56bfc062723c751e8b465ee728b)
Start importing Assets/source/Sci-Fi_Trooper_Girl_v1.unitypackage using Guid(ad476ecc06a185248b0906df161f0a2b) Importer(815301076,1909f56bfc062723c751e8b465ee728b) (PreviewImporter) -> (artifact id: '94c1dfd4cd153731a7a9be14a4f8b554') in 0.0194519 seconds
Number of updated asset objects reloaded before import = 0Number of asset objects unloaded after import = 1

========================================================================
Received Import Request.
  Time since last request: 10.600053 seconds.
  path: Assets/source/Sci-Fi_Trooper_Man_v1.unitypackage
  artifactKey: Guid(5accfce9c29838442bebee24f2d36585) Importer(815301076,1909f56bfc062723c751e8b465ee728b)
Start importing Assets/source/Sci-Fi_Trooper_Man_v1.unitypackage using Guid(5accfce9c29838442bebee24f2d36585) Importer(815301076,1909f56bfc062723c751e8b465ee728b) (PreviewImporter) -> (artifact id: '8a218d2bd10e0d17cd09f2b5fc50951b') in 0.0009738 seconds
Number of updated asset objects reloaded before import = 0Number of asset objects unloaded after import = 1

========================================================================
Received Import Request.
  Time since last request: 23.291968 seconds.
  path: Assets/Sci-FI_Trooper_Man_v.1/Prefabs
  artifactKey: Guid(faf86ac61bf403c47ab0ba37ce4ca96a) Importer(815301076,1909f56bfc062723c751e8b465ee728b)
Start importing Assets/Sci-FI_Trooper_Man_v.1/Prefabs using Guid(faf86ac61bf403c47ab0ba37ce4ca96a) Importer(815301076,1909f56bfc062723c751e8b465ee728b) (PreviewImporter) -> (artifact id: '91491205aba643211247d4647d2332fa') in 0.0005063 seconds
Number of updated asset objects reloaded before import = 0Number of asset objects unloaded after import = 0

========================================================================
Received Import Request.
  Time since last request: 3.717440 seconds.
  path: Assets/Sci-FI_Trooper_Man_v.1/Meshes
  artifactKey: Guid(04e5ed1bde1eda34f9b93baba14b7258) Importer(815301076,1909f56bfc062723c751e8b465ee728b)
Start importing Assets/Sci-FI_Trooper_Man_v.1/Meshes using Guid(04e5ed1bde1eda34f9b93baba14b7258) Importer(815301076,1909f56bfc062723c751e8b465ee728b) (PreviewImporter) -> (artifact id: '7186e055f0722b16fea51972523753b5') in 0.0006023 seconds
Number of updated asset objects reloaded before import = 0Number of asset objects unloaded after import = 0

========================================================================
Received Import Request.
  Time since last request: 0.447273 seconds.
  path: Assets/Sci-FI_Trooper_Man_v.1/Meshes/SK_Sci-FI_Trooper_Man_v.1.fbx
  artifactKey: Guid(5620ac82d1ff4d943b832c022e5d601b) Importer(815301076,1909f56bfc062723c751e8b465ee728b)
Start importing Assets/Sci-FI_Trooper_Man_v.1/Meshes/SK_Sci-FI_Trooper_Man_v.1.fbx using Guid(5620ac82d1ff4d943b832c022e5d601b) Importer(815301076,1909f56bfc062723c751e8b465ee728b) (PreviewImporter) -> (artifact id: '47cc18a00c7b7e86df0e45c6a77b0468') in 1.0601991 seconds
Number of updated asset objects reloaded before import = 0Number of asset objects unloaded after import = 183

========================================================================
Received Import Request.
  Time since last request: 1.468685 seconds.
  path: Assets/Sci-FI_Trooper_Man_v.1/Prefabs/SK_Sci-FI_Trooper_Man_v.1.prefab
  artifactKey: Guid(cf677bbc426073d438056eb4652652f9) Importer(815301076,1909f56bfc062723c751e8b465ee728b)
Start importing Assets/Sci-FI_Trooper_Man_v.1/Prefabs/SK_Sci-FI_Trooper_Man_v.1.prefab using Guid(cf677bbc426073d438056eb4652652f9) Importer(815301076,1909f56bfc062723c751e8b465ee728b) (PreviewImporter) -> (artifact id: '080ec04116f6ceb3ebf1ab60e913284d') in 0.09473 seconds
Number of updated asset objects reloaded before import = 0Number of asset objects unloaded after import = 353

========================================================================
Received Import Request.
  Time since last request: 8.757308 seconds.
  path: Assets/Scenes
  artifactKey: Guid(9c53962885c2c4f449125a979d6ad240) Importer(815301076,1909f56bfc062723c751e8b465ee728b)
Start importing Assets/Scenes using Guid(9c53962885c2c4f449125a979d6ad240) Importer(815301076,1909f56bfc062723c751e8b465ee728b) (PreviewImporter) -> (artifact id: 'd65b75f456837a3494a5e6e744543932') in 0.0010391 seconds
Number of updated asset objects reloaded before import = 0Number of asset objects unloaded after import = 0

========================================================================
Received Import Request.
  Time since last request: 250.057908 seconds.
  path: Assets
  artifactKey: Guid(00000000000000001000000000000000) Importer(815301076,1909f56bfc062723c751e8b465ee728b)
Start importing Assets using Guid(00000000000000001000000000000000) Importer(815301076,1909f56bfc062723c751e8b465ee728b) (PreviewImporter) -> (artifact id: 'c391582d739b6e62a5220f35cbb167ac') in 0.0006381 seconds
Number of updated asset objects reloaded before import = 0Number of asset objects unloaded after import = 0

========================================================================
Received Prepare
Refreshing native plugins compatible for Editor in 1.41 ms, found 3 plugins.
Preloading 0 native plugins for Editor in 0.00 ms.
Unloading 12 Unused Serialized files (Serialized files now loaded: 0)
Unloading 6063 unused Assets / (4.7 MB). Loaded Objects now: 6949.
Memory consumption went from 162.0 MB to 157.2 MB.
Total: 12.212700 ms (FindLiveObjects: 0.791700 ms CreateObjectMapping: 0.988000 ms MarkObjects: 7.335200 ms  DeleteObjects: 3.095900 ms)

Prepare: number of updated asset objects reloaded= 0
========================================================================
Received Prepare
Begin MonoManager ReloadAssembly
- Loaded All Assemblies, in  0.889 seconds
Refreshing native plugins compatible for Editor in 1.34 ms, found 3 plugins.
Native extension for WindowsStandalone target not found
Native extension for WebGL target not found
Mono: successfully reloaded assembly
- Finished resetting the current domain, in  0.872 seconds
Domain Reload Profiling: 1762ms
	BeginReloadAssembly (304ms)
		ExecutionOrderSort (0ms)
		DisableScriptedObjects (33ms)
		BackupInstance (0ms)
		ReleaseScriptingObjects (0ms)
		CreateAndSetChildDomain (72ms)
	RebuildCommonClasses (42ms)
	RebuildNativeTypeToScriptingClass (12ms)
	initialDomainReloadingComplete (31ms)
	LoadAllAssembliesAndSetupDomain (500ms)
		LoadAssemblies (430ms)
		RebuildTransferFunctionScriptingTraits (0ms)
		AnalyzeDomain (205ms)
			TypeCache.Refresh (11ms)
				TypeCache.ScanAssembly (0ms)
			BuildScriptInfoCaches (180ms)
			ResolveRequiredComponents (11ms)
	FinalizeReload (873ms)
		ReleaseScriptCaches (0ms)
		RebuildScriptCaches (0ms)
		SetupLoadedEditorAssemblies (699ms)
			LogAssemblyErrors (0ms)
			InitializePlatformSupportModulesInManaged (2ms)
			SetLoadedEditorAssemblies (3ms)
			BeforeProcessingInitializeOnLoad (169ms)
			ProcessInitializeOnLoadAttributes (461ms)
			ProcessInitializeOnLoadMethodAttributes (60ms)
			AfterProcessingInitializeOnLoad (2ms)
			EditorAssembliesLoaded (0ms)
		ExecutionOrderSort2 (0ms)
		AwakeInstancesAfterBackupRestoration (16ms)
Refreshing native plugins compatible for Editor in 1.48 ms, found 3 plugins.
Preloading 0 native plugins for Editor in 0.00 ms.
Unloading 12 Unused Serialized files (Serialized files now loaded: 0)
Unloading 6070 unused Assets / (4.4 MB). Loaded Objects now: 6827.
Memory consumption went from 158.4 MB to 154.0 MB.
Total: 12.192000 ms (FindLiveObjects: 0.788100 ms CreateObjectMapping: 0.970300 ms MarkObjects: 7.279700 ms  DeleteObjects: 3.152400 ms)

Prepare: number of updated asset objects reloaded= 0
========================================================================
Received Import Request.
  Time since last request: 18.663643 seconds.
  path: Assets/NewEmptyCSharpScript.cs
  artifactKey: Guid(4e213b641ccf86e4f841d2b8f30fd294) Importer(815301076,1909f56bfc062723c751e8b465ee728b)
Start importing Assets/NewEmptyCSharpScript.cs using Guid(4e213b641ccf86e4f841d2b8f30fd294) Importer(815301076,1909f56bfc062723c751e8b465ee728b) (PreviewImporter) -> (artifact id: '36399eb4e6a2dd5f34571d3e4de77f6f') in 0.0048571 seconds
Number of updated asset objects reloaded before import = 0Number of asset objects unloaded after import = 0

========================================================================
Received Prepare
Refreshing native plugins compatible for Editor in 0.96 ms, found 3 plugins.
Preloading 0 native plugins for Editor in 0.00 ms.
Unloading 12 Unused Serialized files (Serialized files now loaded: 0)
Unloading 6063 unused Assets / (4.8 MB). Loaded Objects now: 6827.
Memory consumption went from 156.6 MB to 151.8 MB.
Total: 8.666400 ms (FindLiveObjects: 0.631000 ms CreateObjectMapping: 0.399600 ms MarkObjects: 4.924500 ms  DeleteObjects: 2.710000 ms)

Prepare: number of updated asset objects reloaded= 0
========================================================================
Received Import Request.
  Time since last request: 19.797718 seconds.
  path: Assets/PlayerLocomotion.cs
  artifactKey: Guid(4e213b641ccf86e4f841d2b8f30fd294) Importer(815301076,1909f56bfc062723c751e8b465ee728b)
Start importing Assets/PlayerLocomotion.cs using Guid(4e213b641ccf86e4f841d2b8f30fd294) Importer(815301076,1909f56bfc062723c751e8b465ee728b) (PreviewImporter) -> (artifact id: 'd773b6b5571cd4047f53ae21bb7cefab') in 0.0005675 seconds
Number of updated asset objects reloaded before import = 0Number of asset objects unloaded after import = 0

========================================================================
Received Prepare
Begin MonoManager ReloadAssembly
- Loaded All Assemblies, in  0.696 seconds
Refreshing native plugins compatible for Editor in 1.35 ms, found 3 plugins.
Native extension for WindowsStandalone target not found
Native extension for WebGL target not found
Mono: successfully reloaded assembly
- Finished resetting the current domain, in  0.900 seconds
Domain Reload Profiling: 1599ms
	BeginReloadAssembly (207ms)
		ExecutionOrderSort (0ms)
		DisableScriptedObjects (8ms)
		BackupInstance (0ms)
		ReleaseScriptingObjects (0ms)
		CreateAndSetChildDomain (50ms)
	RebuildCommonClasses (37ms)
	RebuildNativeTypeToScriptingClass (11ms)
	initialDomainReloadingComplete (26ms)
	LoadAllAssembliesAndSetupDomain (418ms)
		LoadAssemblies (326ms)
		RebuildTransferFunctionScriptingTraits (0ms)
		AnalyzeDomain (191ms)
			TypeCache.Refresh (9ms)
				TypeCache.ScanAssembly (0ms)
			BuildScriptInfoCaches (165ms)
			ResolveRequiredComponents (13ms)
	FinalizeReload (901ms)
		ReleaseScriptCaches (0ms)
		RebuildScriptCaches (0ms)
		SetupLoadedEditorAssemblies (714ms)
			LogAssemblyErrors (0ms)
			InitializePlatformSupportModulesInManaged (3ms)
			SetLoadedEditorAssemblies (4ms)
			BeforeProcessingInitializeOnLoad (164ms)
			ProcessInitializeOnLoadAttributes (469ms)
			ProcessInitializeOnLoadMethodAttributes (71ms)
			AfterProcessingInitializeOnLoad (2ms)
			EditorAssembliesLoaded (0ms)
		ExecutionOrderSort2 (0ms)
		AwakeInstancesAfterBackupRestoration (19ms)
Refreshing native plugins compatible for Editor in 1.32 ms, found 3 plugins.
Preloading 0 native plugins for Editor in 0.00 ms.
Unloading 12 Unused Serialized files (Serialized files now loaded: 0)
Unloading 6070 unused Assets / (4.4 MB). Loaded Objects now: 6829.
Memory consumption went from 156.5 MB to 152.1 MB.
Total: 12.905200 ms (FindLiveObjects: 0.762600 ms CreateObjectMapping: 1.016400 ms MarkObjects: 7.420100 ms  DeleteObjects: 3.704300 ms)

Prepare: number of updated asset objects reloaded= 0
========================================================================
Received Import Request.
  Time since last request: 7.211466 seconds.
  path: Assets/PlayerLocomotion.cs
  artifactKey: Guid(4e213b641ccf86e4f841d2b8f30fd294) Importer(815301076,1909f56bfc062723c751e8b465ee728b)
Start importing Assets/PlayerLocomotion.cs using Guid(4e213b641ccf86e4f841d2b8f30fd294) Importer(815301076,1909f56bfc062723c751e8b465ee728b) (PreviewImporter) -> (artifact id: 'debaf218847fe2fbd45edf8ea3cb3d23') in 0.00219 seconds
Number of updated asset objects reloaded before import = 0Number of asset objects unloaded after import = 0

========================================================================
Received Prepare
Refreshing native plugins compatible for Editor in 1.35 ms, found 3 plugins.
Preloading 0 native plugins for Editor in 0.00 ms.
Unloading 12 Unused Serialized files (Serialized files now loaded: 0)
Unloading 6064 unused Assets / (4.4 MB). Loaded Objects now: 6830.
Memory consumption went from 156.7 MB to 152.2 MB.
Total: 9.203500 ms (FindLiveObjects: 0.647300 ms CreateObjectMapping: 0.455700 ms MarkObjects: 4.845100 ms  DeleteObjects: 3.254200 ms)

Prepare: number of updated asset objects reloaded= 0
========================================================================
Received Import Request.
  Time since last request: 15.868193 seconds.
  path: Assets/InputHandler.cs
  artifactKey: Guid(b78b5df734e84b740bc2756b29b6c62f) Importer(815301076,1909f56bfc062723c751e8b465ee728b)
Start importing Assets/InputHandler.cs using Guid(b78b5df734e84b740bc2756b29b6c62f) Importer(815301076,1909f56bfc062723c751e8b465ee728b) (PreviewImporter) -> (artifact id: '06fbddb71810673ce9c858210d262f26') in 0.00055 seconds
Number of updated asset objects reloaded before import = 0Number of asset objects unloaded after import = 0

========================================================================
Received Prepare
Begin MonoManager ReloadAssembly
- Loaded All Assemblies, in  0.675 seconds
Refreshing native plugins compatible for Editor in 1.03 ms, found 3 plugins.
Native extension for WindowsStandalone target not found
Native extension for WebGL target not found
Mono: successfully reloaded assembly
- Finished resetting the current domain, in  0.797 seconds
Domain Reload Profiling: 1474ms
	BeginReloadAssembly (209ms)
		ExecutionOrderSort (0ms)
		DisableScriptedObjects (6ms)
		BackupInstance (0ms)
		ReleaseScriptingObjects (0ms)
		CreateAndSetChildDomain (52ms)
	RebuildCommonClasses (35ms)
	RebuildNativeTypeToScriptingClass (11ms)
	initialDomainReloadingComplete (28ms)
	LoadAllAssembliesAndSetupDomain (394ms)
		LoadAssemblies (318ms)
		RebuildTransferFunctionScriptingTraits (0ms)
		AnalyzeDomain (176ms)
			TypeCache.Refresh (10ms)
				TypeCache.ScanAssembly (0ms)
			BuildScriptInfoCaches (153ms)
			ResolveRequiredComponents (11ms)
	FinalizeReload (797ms)
		ReleaseScriptCaches (0ms)
		RebuildScriptCaches (0ms)
		SetupLoadedEditorAssemblies (630ms)
			LogAssemblyErrors (0ms)
			InitializePlatformSupportModulesInManaged (2ms)
			SetLoadedEditorAssemblies (3ms)
			BeforeProcessingInitializeOnLoad (115ms)
			ProcessInitializeOnLoadAttributes (447ms)
			ProcessInitializeOnLoadMethodAttributes (60ms)
			AfterProcessingInitializeOnLoad (3ms)
			EditorAssembliesLoaded (0ms)
		ExecutionOrderSort2 (0ms)
		AwakeInstancesAfterBackupRestoration (17ms)
Refreshing native plugins compatible for Editor in 1.34 ms, found 3 plugins.
Preloading 0 native plugins for Editor in 0.00 ms.
Unloading 12 Unused Serialized files (Serialized files now loaded: 0)
Unloading 6071 unused Assets / (5.4 MB). Loaded Objects now: 6832.
Memory consumption went from 156.5 MB to 151.1 MB.
Total: 11.775800 ms (FindLiveObjects: 0.765600 ms CreateObjectMapping: 0.899600 ms MarkObjects: 6.268400 ms  DeleteObjects: 3.840500 ms)

Prepare: number of updated asset objects reloaded= 0
========================================================================
Received Import Request.
  Time since last request: 6.688920 seconds.
  path: Assets/InputHandler.cs
  artifactKey: Guid(b78b5df734e84b740bc2756b29b6c62f) Importer(815301076,1909f56bfc062723c751e8b465ee728b)
Start importing Assets/InputHandler.cs using Guid(b78b5df734e84b740bc2756b29b6c62f) Importer(815301076,1909f56bfc062723c751e8b465ee728b) (PreviewImporter) -> (artifact id: 'e0add3d7863bd4635d6207ded7414b46') in 0.0022711 seconds
Number of updated asset objects reloaded before import = 0Number of asset objects unloaded after import = 0

========================================================================
Received Prepare
Begin MonoManager ReloadAssembly
- Loaded All Assemblies, in  0.810 seconds
Refreshing native plugins compatible for Editor in 1.28 ms, found 3 plugins.
Native extension for WindowsStandalone target not found
Native extension for WebGL target not found
Mono: successfully reloaded assembly
- Finished resetting the current domain, in  0.871 seconds
Domain Reload Profiling: 1683ms
	BeginReloadAssembly (229ms)
		ExecutionOrderSort (0ms)
		DisableScriptedObjects (6ms)
		BackupInstance (0ms)
		ReleaseScriptingObjects (0ms)
		CreateAndSetChildDomain (64ms)
	RebuildCommonClasses (41ms)
	RebuildNativeTypeToScriptingClass (11ms)
	initialDomainReloadingComplete (26ms)
	LoadAllAssembliesAndSetupDomain (503ms)
		LoadAssemblies (376ms)
		RebuildTransferFunctionScriptingTraits (0ms)
		AnalyzeDomain (234ms)
			TypeCache.Refresh (94ms)
				TypeCache.ScanAssembly (82ms)
			BuildScriptInfoCaches (120ms)
			ResolveRequiredComponents (16ms)
	FinalizeReload (872ms)
		ReleaseScriptCaches (0ms)
		RebuildScriptCaches (0ms)
		SetupLoadedEditorAssemblies (683ms)
			LogAssemblyErrors (0ms)
			InitializePlatformSupportModulesInManaged (5ms)
			SetLoadedEditorAssemblies (4ms)
			BeforeProcessingInitializeOnLoad (170ms)
			ProcessInitializeOnLoadAttributes (434ms)
			ProcessInitializeOnLoadMethodAttributes (66ms)
			AfterProcessingInitializeOnLoad (5ms)
			EditorAssembliesLoaded (0ms)
		ExecutionOrderSort2 (0ms)
		AwakeInstancesAfterBackupRestoration (22ms)
Refreshing native plugins compatible for Editor in 1.35 ms, found 3 plugins.
Preloading 0 native plugins for Editor in 0.00 ms.
Unloading 12 Unused Serialized files (Serialized files now loaded: 0)
Unloading 6071 unused Assets / (4.5 MB). Loaded Objects now: 6834.
Memory consumption went from 156.5 MB to 152.1 MB.
Total: 10.838400 ms (FindLiveObjects: 1.055800 ms CreateObjectMapping: 1.071500 ms MarkObjects: 5.100400 ms  DeleteObjects: 3.609000 ms)

Prepare: number of updated asset objects reloaded= 1
========================================================================
Received Import Request.
  Time since last request: 125.439461 seconds.
  path: Assets/InputSystem_Actions.inputactions
  artifactKey: Guid(052faaac586de48259a63d0c4782560b) Importer(815301076,1909f56bfc062723c751e8b465ee728b)
Start importing Assets/InputSystem_Actions.inputactions using Guid(052faaac586de48259a63d0c4782560b) Importer(815301076,1909f56bfc062723c751e8b465ee728b) (PreviewImporter) -> (artifact id: 'ff20acd24eca582d759e8ba294868811') in 0.0248511 seconds
Number of updated asset objects reloaded before import = 0Number of asset objects unloaded after import = 19

========================================================================
Received Import Request.
  Time since last request: 21.344368 seconds.
  path: Assets/PlayerControl.inputactions
  artifactKey: Guid(1e43595ab140d354e9bb0c01a253a1ab) Importer(815301076,1909f56bfc062723c751e8b465ee728b)
Start importing Assets/PlayerControl.inputactions using Guid(1e43595ab140d354e9bb0c01a253a1ab) Importer(815301076,1909f56bfc062723c751e8b465ee728b) (PreviewImporter) -> (artifact id: 'c62247de1311f7580f5fae3871db6d93') in 0.0011698 seconds
Number of updated asset objects reloaded before import = 0Number of asset objects unloaded after import = 1

========================================================================
Received Prepare
Refreshing native plugins compatible for Editor in 1.03 ms, found 3 plugins.
Preloading 0 native plugins for Editor in 0.00 ms.
Unloading 26 Unused Serialized files (Serialized files now loaded: 0)
Unloading 6078 unused Assets / (6.2 MB). Loaded Objects now: 6836.
Memory consumption went from 161.0 MB to 154.8 MB.
Total: 10.705300 ms (FindLiveObjects: 0.719000 ms CreateObjectMapping: 0.590000 ms MarkObjects: 5.478400 ms  DeleteObjects: 3.916700 ms)

Prepare: number of updated asset objects reloaded= 0
========================================================================
Received Import Request.
  Time since last request: 22.524397 seconds.
  path: Assets/PlayerControl.inputactions
  artifactKey: Guid(1e43595ab140d354e9bb0c01a253a1ab) Importer(815301076,1909f56bfc062723c751e8b465ee728b)
Start importing Assets/PlayerControl.inputactions using Guid(1e43595ab140d354e9bb0c01a253a1ab) Importer(815301076,1909f56bfc062723c751e8b465ee728b) (PreviewImporter) -> (artifact id: 'e8b9a36300506d882abd66578666d29e') in 0.0027096 seconds
Number of updated asset objects reloaded before import = 0Number of asset objects unloaded after import = 1

========================================================================
Received Prepare
Begin MonoManager ReloadAssembly
- Loaded All Assemblies, in  0.700 seconds
Refreshing native plugins compatible for Editor in 1.25 ms, found 3 plugins.
Native extension for WindowsStandalone target not found
Native extension for WebGL target not found
Mono: successfully reloaded assembly
- Finished resetting the current domain, in  0.747 seconds
Domain Reload Profiling: 1450ms
	BeginReloadAssembly (210ms)
		ExecutionOrderSort (0ms)
		DisableScriptedObjects (6ms)
		BackupInstance (0ms)
		ReleaseScriptingObjects (0ms)
		CreateAndSetChildDomain (49ms)
	RebuildCommonClasses (42ms)
	RebuildNativeTypeToScriptingClass (12ms)
	initialDomainReloadingComplete (26ms)
	LoadAllAssembliesAndSetupDomain (413ms)
		LoadAssemblies (319ms)
		RebuildTransferFunctionScriptingTraits (0ms)
		AnalyzeDomain (194ms)
			TypeCache.Refresh (8ms)
				TypeCache.ScanAssembly (0ms)
			BuildScriptInfoCaches (167ms)
			ResolveRequiredComponents (14ms)
	FinalizeReload (747ms)
		ReleaseScriptCaches (0ms)
		RebuildScriptCaches (0ms)
		SetupLoadedEditorAssemblies (594ms)
			LogAssemblyErrors (0ms)
			InitializePlatformSupportModulesInManaged (2ms)
			SetLoadedEditorAssemblies (5ms)
			BeforeProcessingInitializeOnLoad (116ms)
			ProcessInitializeOnLoadAttributes (415ms)
			ProcessInitializeOnLoadMethodAttributes (54ms)
			AfterProcessingInitializeOnLoad (3ms)
			EditorAssembliesLoaded (0ms)
		ExecutionOrderSort2 (0ms)
		AwakeInstancesAfterBackupRestoration (16ms)
Refreshing native plugins compatible for Editor in 1.01 ms, found 3 plugins.
Preloading 0 native plugins for Editor in 0.00 ms.
Unloading 25 Unused Serialized files (Serialized files now loaded: 0)
Unloading 6085 unused Assets / (6.1 MB). Loaded Objects now: 6838.
Memory consumption went from 160.6 MB to 154.5 MB.
Total: 10.013100 ms (FindLiveObjects: 0.672300 ms CreateObjectMapping: 0.760600 ms MarkObjects: 5.129700 ms  DeleteObjects: 3.449200 ms)

Prepare: number of updated asset objects reloaded= 0
