Using pre-set license
Built from '6000.1/staging' branch; Version is '6000.1.13f1 (418bd0acaa6b) revision 4295632'; Using compiler version '194234433'; Build Type 'Release'
OS: 'Windows 11  (10.0.26100) 64bit Professional' Language: 'en' Physical Memory: 23926 MB
BatchMode: 1, IsHumanControllingUs: 0, StartBugReporterOnCrash: 0, Is64bit: 1, IsPro: 1
Date: 2025-08-26T06:23:34Z

COMMAND LINE ARGUMENTS:
D:\Unity 6.1\6000.1.13f1\Editor\Unity.exe
-adb2
-batchMode
-noUpm
-name
AssetImportWorker1
-projectPath
D:/Create with Code/Simple RPG
-logFile
Logs/AssetImportWorker1.log
-srvPort
60173
-job-worker-count
7
-background-job-worker-count
8
-gc-helper-count
1
-name
AssetImport
Successfully changed project path to: D:/Create with Code/Simple RPG
D:/Create with Code/Simple RPG
[UnityMemory] Configuration Parameters - Can be set up in boot.config
    "memorysetup-allocator-temp-initial-block-size-main=262144"
    "memorysetup-allocator-temp-initial-block-size-worker=262144"
    "memorysetup-bucket-allocator-granularity=16"
    "memorysetup-bucket-allocator-bucket-count=8"
    "memorysetup-bucket-allocator-block-size=33554432"
    "memorysetup-bucket-allocator-block-count=8"
    "memorysetup-main-allocator-block-size=16777216"
    "memorysetup-thread-allocator-block-size=16777216"
    "memorysetup-gfx-main-allocator-block-size=16777216"
    "memorysetup-gfx-thread-allocator-block-size=16777216"
    "memorysetup-cache-allocator-block-size=4194304"
    "memorysetup-typetree-allocator-block-size=2097152"
    "memorysetup-profiler-bucket-allocator-granularity=16"
    "memorysetup-profiler-bucket-allocator-bucket-count=8"
    "memorysetup-profiler-bucket-allocator-block-size=33554432"
    "memorysetup-profiler-bucket-allocator-block-count=8"
    "memorysetup-profiler-allocator-block-size=16777216"
    "memorysetup-profiler-editor-allocator-block-size=1048576"
    "memorysetup-temp-allocator-size-main=16777216"
    "memorysetup-job-temp-allocator-block-size=2097152"
    "memorysetup-job-temp-allocator-block-size-background=1048576"
    "memorysetup-job-temp-allocator-reduction-small-platforms=262144"
    "memorysetup-temp-allocator-size-background-worker=32768"
    "memorysetup-temp-allocator-size-job-worker=262144"
    "memorysetup-temp-allocator-size-preload-manager=33554432"
    "memorysetup-temp-allocator-size-nav-mesh-worker=65536"
    "memorysetup-temp-allocator-size-audio-worker=65536"
    "memorysetup-temp-allocator-size-cloud-worker=32768"
    "memorysetup-temp-allocator-size-gi-baking-worker=262144"
    "memorysetup-temp-allocator-size-gi-baking-worker=262144"
    "memorysetup-temp-allocator-size-gi-baking-worker=262144"
    "memorysetup-temp-allocator-size-gi-baking-worker=262144"
    "memorysetup-temp-allocator-size-gi-baking-worker=262144"
    "memorysetup-temp-allocator-size-gfx=262144"
Player connection [23656]  Target information:

Player connection [23656]  * "[IP] 172.25.48.1 [Port] 0 [Flags] 2 [Guid] 2097658662 [EditorId] 2097658662 [Version] 1048832 [Id] WindowsEditor(7,Chimix) [Debug] 1 [PackageName] WindowsEditor [ProjectName] Editor" 

Player connection [23656]  * "[IP] 10.10.63.180 [Port] 0 [Flags] 2 [Guid] 2097658662 [EditorId] 2097658662 [Version] 1048832 [Id] WindowsEditor(7,Chimix) [Debug] 1 [PackageName] WindowsEditor [ProjectName] Editor" 

Player connection [23656] Host joined multi-casting on [225.0.0.222:54997]...
Player connection [23656] Host joined alternative multi-casting on [225.0.0.222:34997]...
JobSystem: Creating JobQueue using job-worker-count value 7
Input System module state changed to: Initialized.
[Physics::Module] Initialized fallback backend.
[Physics::Module] Id: 0xdecafbad
Library Redirect Path: Library/
[Physics::Module] Selected backend.
[Physics::Module] Name: PhysX
[Physics::Module] Id: 0xf2b8ea05
[Physics::Module] SDK Version: 4.1.2
[Physics::Module] Integration Version: 1.0.0
[Physics::Module] Threading Mode: Multi-Threaded
Refreshing native plugins compatible for Editor in 78.04 ms, found 3 plugins.
Preloading 0 native plugins for Editor in 0.00 ms.
Initialize engine version: 6000.1.13f1 (418bd0acaa6b)
[Subsystems] Discovering subsystems at path D:/Unity 6.1/6000.1.13f1/Editor/Data/Resources/UnitySubsystems
[Subsystems] Discovering subsystems at path D:/Create with Code/Simple RPG/Assets
GfxDevice: creating device client; kGfxThreadingModeNonThreaded
Direct3D:
    Version:         Direct3D 12 [level 12.1]
    Renderer:        NVIDIA GeForce RTX 3060 Laptop GPU (ID=0x2560)
    Vendor:          NVIDIA
    VRAM:            5996 MB
    App VRAM Budget: 5228 MB
    Driver:          32.0.15.8108
Initialize mono
Mono path[0] = 'D:/Unity 6.1/6000.1.13f1/Editor/Data/Managed'
Mono path[1] = 'D:/Unity 6.1/6000.1.13f1/Editor/Data/MonoBleedingEdge/lib/mono/unityjit-win32'
Mono config path = 'D:/Unity 6.1/6000.1.13f1/Editor/Data/MonoBleedingEdge/etc'
Using monoOptions --debugger-agent=transport=dt_socket,embedding=1,server=y,suspend=n,address=127.0.0.1:56740
Begin MonoManager ReloadAssembly
Registering precompiled unity dll's ...
Register platform support module: D:/Unity 6.1/6000.1.13f1/Editor/Data/PlaybackEngines/WebGLSupport/UnityEditor.WebGL.Extensions.dll
Register platform support module: D:/Unity 6.1/6000.1.13f1/Editor/Data/PlaybackEngines/WindowsStandaloneSupport/UnityEditor.WindowsStandalone.Extensions.dll
Registered in 0.001258 seconds.
- Loaded All Assemblies, in  0.458 seconds
Native extension for WindowsStandalone target not found
Native extension for WebGL target not found
Mono: successfully reloaded assembly
- Finished resetting the current domain, in  0.447 seconds
Domain Reload Profiling: 905ms
	BeginReloadAssembly (165ms)
		ExecutionOrderSort (0ms)
		DisableScriptedObjects (0ms)
		BackupInstance (0ms)
		ReleaseScriptingObjects (0ms)
		CreateAndSetChildDomain (1ms)
	RebuildCommonClasses (54ms)
	RebuildNativeTypeToScriptingClass (13ms)
	initialDomainReloadingComplete (49ms)
	LoadAllAssembliesAndSetupDomain (177ms)
		LoadAssemblies (165ms)
		RebuildTransferFunctionScriptingTraits (0ms)
		AnalyzeDomain (172ms)
			TypeCache.Refresh (170ms)
				TypeCache.ScanAssembly (154ms)
			BuildScriptInfoCaches (0ms)
			ResolveRequiredComponents (1ms)
	FinalizeReload (448ms)
		ReleaseScriptCaches (0ms)
		RebuildScriptCaches (0ms)
		SetupLoadedEditorAssemblies (395ms)
			LogAssemblyErrors (0ms)
			InitializePlatformSupportModulesInManaged (66ms)
			SetLoadedEditorAssemblies (4ms)
			BeforeProcessingInitializeOnLoad (73ms)
			ProcessInitializeOnLoadAttributes (161ms)
			ProcessInitializeOnLoadMethodAttributes (92ms)
			AfterProcessingInitializeOnLoad (0ms)
			EditorAssembliesLoaded (0ms)
		ExecutionOrderSort2 (0ms)
		AwakeInstancesAfterBackupRestoration (0ms)
========================================================================
Worker process is ready to serve import requests
Import Worker Mode flag is 0x00
Begin MonoManager ReloadAssembly
- Loaded All Assemblies, in  0.857 seconds
Refreshing native plugins compatible for Editor in 0.95 ms, found 3 plugins.
Native extension for WindowsStandalone target not found
Native extension for WebGL target not found
Mono: successfully reloaded assembly
- Finished resetting the current domain, in  1.282 seconds
Domain Reload Profiling: 2138ms
	BeginReloadAssembly (204ms)
		ExecutionOrderSort (0ms)
		DisableScriptedObjects (7ms)
		BackupInstance (0ms)
		ReleaseScriptingObjects (0ms)
		CreateAndSetChildDomain (35ms)
	RebuildCommonClasses (43ms)
	RebuildNativeTypeToScriptingClass (12ms)
	initialDomainReloadingComplete (41ms)
	LoadAllAssembliesAndSetupDomain (555ms)
		LoadAssemblies (399ms)
		RebuildTransferFunctionScriptingTraits (0ms)
		AnalyzeDomain (274ms)
			TypeCache.Refresh (206ms)
				TypeCache.ScanAssembly (191ms)
			BuildScriptInfoCaches (52ms)
			ResolveRequiredComponents (12ms)
	FinalizeReload (1282ms)
		ReleaseScriptCaches (0ms)
		RebuildScriptCaches (0ms)
		SetupLoadedEditorAssemblies (630ms)
			LogAssemblyErrors (0ms)
			InitializePlatformSupportModulesInManaged (3ms)
			SetLoadedEditorAssemblies (5ms)
			BeforeProcessingInitializeOnLoad (132ms)
			ProcessInitializeOnLoadAttributes (427ms)
			ProcessInitializeOnLoadMethodAttributes (59ms)
			AfterProcessingInitializeOnLoad (4ms)
			EditorAssembliesLoaded (0ms)
		ExecutionOrderSort2 (0ms)
		AwakeInstancesAfterBackupRestoration (7ms)
Launched and connected shader compiler UnityShaderCompiler.exe after 0.02 seconds
Refreshing native plugins compatible for Editor in 0.95 ms, found 3 plugins.
Preloading 0 native plugins for Editor in 0.00 ms.
Unloading 12 Unused Serialized files (Serialized files now loaded: 0)
Unloading 6081 unused Assets / (4.3 MB). Loaded Objects now: 6801.
Memory consumption went from 135.2 MB to 130.9 MB.
Total: 9.924800 ms (FindLiveObjects: 0.839000 ms CreateObjectMapping: 0.956000 ms MarkObjects: 5.429600 ms  DeleteObjects: 2.698900 ms)

========================================================================
Received Import Request.
  Time since last request: 361433.930924 seconds.
  path: Assets/QuangPhan/G2_Mercenaries/Textures/Characters/Hairs/T_Hair_ID.tga
  artifactKey: Guid(2f35350e90aad8e47a89cfc6d96648f3) Importer(815301076,1909f56bfc062723c751e8b465ee728b)
Start importing Assets/QuangPhan/G2_Mercenaries/Textures/Characters/Hairs/T_Hair_ID.tga using Guid(2f35350e90aad8e47a89cfc6d96648f3) Importer(815301076,1909f56bfc062723c751e8b465ee728b) (PreviewImporter) -> (artifact id: 'cbec9ac1b542632b3ec38a9acc0a6b11') in 0.1224574 seconds
Number of updated asset objects reloaded before import = 0Number of asset objects unloaded after import = 2

========================================================================
Received Import Request.
  Time since last request: 0.000067 seconds.
  path: Assets/QuangPhan/G2_Mercenaries/Textures/Characters/Hairs/T_Hair_N.tga
  artifactKey: Guid(4f9184bbf096eca42ac198f6a39f7828) Importer(815301076,1909f56bfc062723c751e8b465ee728b)
Start importing Assets/QuangPhan/G2_Mercenaries/Textures/Characters/Hairs/T_Hair_N.tga using Guid(4f9184bbf096eca42ac198f6a39f7828) Importer(815301076,1909f56bfc062723c751e8b465ee728b) (PreviewImporter) -> (artifact id: 'a57b565fbe79d1284f504188532aac7b') in 0.087891 seconds
Number of updated asset objects reloaded before import = 0Number of asset objects unloaded after import = 2

========================================================================
Received Import Request.
  Time since last request: 0.000056 seconds.
  path: Assets/QuangPhan/Common/Textures/HumanSkins/T_Noise_BC.tga
  artifactKey: Guid(dfeb1ce67808dcd4cb71e8ed64a757b1) Importer(815301076,1909f56bfc062723c751e8b465ee728b)
Start importing Assets/QuangPhan/Common/Textures/HumanSkins/T_Noise_BC.tga using Guid(dfeb1ce67808dcd4cb71e8ed64a757b1) Importer(815301076,1909f56bfc062723c751e8b465ee728b) (PreviewImporter) -> (artifact id: '4c72db878a3e56f7c43ce3ebe3dd6e07') in 0.026228 seconds
Number of updated asset objects reloaded before import = 0Number of asset objects unloaded after import = 2

========================================================================
Received Import Request.
  Time since last request: 0.000021 seconds.
  path: Assets/QuangPhan/G2_Mercenaries/Textures/Characters/Hairs/T_Hair_Root.tga
  artifactKey: Guid(9421f8c6f2f4b5a418e2368d299a831c) Importer(815301076,1909f56bfc062723c751e8b465ee728b)
Start importing Assets/QuangPhan/G2_Mercenaries/Textures/Characters/Hairs/T_Hair_Root.tga using Guid(9421f8c6f2f4b5a418e2368d299a831c) Importer(815301076,1909f56bfc062723c751e8b465ee728b) (PreviewImporter) -> (artifact id: 'f7fcdb1bb66edbc4759de22d8d70dee0') in 0.0344236 seconds
Number of updated asset objects reloaded before import = 0Number of asset objects unloaded after import = 2

========================================================================
Received Import Request.
  Time since last request: 0.000026 seconds.
  path: Assets/QuangPhan/G2_Mercenaries/Textures/Characters/Hairs/T_Hair_Alpha.tga
  artifactKey: Guid(209851369cc287b47a13e2adb7a0dbcc) Importer(815301076,1909f56bfc062723c751e8b465ee728b)
Start importing Assets/QuangPhan/G2_Mercenaries/Textures/Characters/Hairs/T_Hair_Alpha.tga using Guid(209851369cc287b47a13e2adb7a0dbcc) Importer(815301076,1909f56bfc062723c751e8b465ee728b) (PreviewImporter) -> (artifact id: '2e8165bee837d4cd8cac5f3a866c711d') in 0.0301604 seconds
Number of updated asset objects reloaded before import = 0Number of asset objects unloaded after import = 2

========================================================================
Received Import Request.
  Time since last request: 11.627991 seconds.
  path: Assets/QuangPhan/G2_Mercenaries/Textures/Clothes/Clothes/T_Gloves_M.tga
  artifactKey: Guid(e763623a86659c2479929db0e3f34c04) Importer(815301076,1909f56bfc062723c751e8b465ee728b)
Start importing Assets/QuangPhan/G2_Mercenaries/Textures/Clothes/Clothes/T_Gloves_M.tga using Guid(e763623a86659c2479929db0e3f34c04) Importer(815301076,1909f56bfc062723c751e8b465ee728b) (PreviewImporter) -> (artifact id: 'c2d2f9a08eabac9831c070d5cc609035') in 0.0275476 seconds
Number of updated asset objects reloaded before import = 0Number of asset objects unloaded after import = 2

========================================================================
Received Import Request.
  Time since last request: 0.000028 seconds.
  path: Assets/QuangPhan/G2_Mercenaries/Textures/Clothes/Clothes/T_Gloves_ORM.tga
  artifactKey: Guid(7862b3f89aa910c4eb0dd1e20649fe47) Importer(815301076,1909f56bfc062723c751e8b465ee728b)
Start importing Assets/QuangPhan/G2_Mercenaries/Textures/Clothes/Clothes/T_Gloves_ORM.tga using Guid(7862b3f89aa910c4eb0dd1e20649fe47) Importer(815301076,1909f56bfc062723c751e8b465ee728b) (PreviewImporter) -> (artifact id: '26c3d211c83fbe42a613aa8b36a55f97') in 0.026775 seconds
Number of updated asset objects reloaded before import = 0Number of asset objects unloaded after import = 2

Editor requested this worker to shutdown with reason: Scaling down because of idle timeout
AssetImportWorker is now disconnected from the server
Process exiting
Exiting without the bug reporter. Application will terminate with return code 0