Using pre-set license
Built from '6000.1/staging' branch; Version is '6000.1.13f1 (418bd0acaa6b) revision 4295632'; Using compiler version '194234433'; Build Type 'Release'
OS: 'Windows 11  (10.0.26100) 64bit Professional' Language: 'en' Physical Memory: 23926 MB
BatchMode: 1, IsHumanControllingUs: 0, StartBugReporterOnCrash: 0, Is64bit: 1, IsPro: 1
Date: 2025-08-26T06:25:31Z

COMMAND LINE ARGUMENTS:
D:\Unity 6.1\6000.1.13f1\Editor\Unity.exe
-adb2
-batchMode
-noUpm
-name
AssetImportWorker3
-projectPath
D:/Create with Code/Simple RPG
-logFile
Logs/AssetImportWorker3.log
-srvPort
60173
-job-worker-count
7
-background-job-worker-count
8
-gc-helper-count
1
-name
AssetImport
Successfully changed project path to: D:/Create with Code/Simple RPG
D:/Create with Code/Simple RPG
[UnityMemory] Configuration Parameters - Can be set up in boot.config
    "memorysetup-allocator-temp-initial-block-size-main=262144"
    "memorysetup-allocator-temp-initial-block-size-worker=262144"
    "memorysetup-bucket-allocator-granularity=16"
    "memorysetup-bucket-allocator-bucket-count=8"
    "memorysetup-bucket-allocator-block-size=33554432"
    "memorysetup-bucket-allocator-block-count=8"
    "memorysetup-main-allocator-block-size=16777216"
    "memorysetup-thread-allocator-block-size=16777216"
    "memorysetup-gfx-main-allocator-block-size=16777216"
    "memorysetup-gfx-thread-allocator-block-size=16777216"
    "memorysetup-cache-allocator-block-size=4194304"
    "memorysetup-typetree-allocator-block-size=2097152"
    "memorysetup-profiler-bucket-allocator-granularity=16"
    "memorysetup-profiler-bucket-allocator-bucket-count=8"
    "memorysetup-profiler-bucket-allocator-block-size=33554432"
    "memorysetup-profiler-bucket-allocator-block-count=8"
    "memorysetup-profiler-allocator-block-size=16777216"
    "memorysetup-profiler-editor-allocator-block-size=1048576"
    "memorysetup-temp-allocator-size-main=16777216"
    "memorysetup-job-temp-allocator-block-size=2097152"
    "memorysetup-job-temp-allocator-block-size-background=1048576"
    "memorysetup-job-temp-allocator-reduction-small-platforms=262144"
    "memorysetup-temp-allocator-size-background-worker=32768"
    "memorysetup-temp-allocator-size-job-worker=262144"
    "memorysetup-temp-allocator-size-preload-manager=33554432"
    "memorysetup-temp-allocator-size-nav-mesh-worker=65536"
    "memorysetup-temp-allocator-size-audio-worker=65536"
    "memorysetup-temp-allocator-size-cloud-worker=32768"
    "memorysetup-temp-allocator-size-gi-baking-worker=262144"
    "memorysetup-temp-allocator-size-gi-baking-worker=262144"
    "memorysetup-temp-allocator-size-gi-baking-worker=262144"
    "memorysetup-temp-allocator-size-gi-baking-worker=262144"
    "memorysetup-temp-allocator-size-gi-baking-worker=262144"
    "memorysetup-temp-allocator-size-gfx=262144"
Player connection [6968]  Target information:

Player connection [6968]  * "[IP] 172.25.48.1 [Port] 0 [Flags] 2 [Guid] 4198529868 [EditorId] 4198529868 [Version] 1048832 [Id] WindowsEditor(7,Chimix) [Debug] 1 [PackageName] WindowsEditor [ProjectName] Editor" 

Player connection [6968]  * "[IP] 10.10.63.180 [Port] 0 [Flags] 2 [Guid] 4198529868 [EditorId] 4198529868 [Version] 1048832 [Id] WindowsEditor(7,Chimix) [Debug] 1 [PackageName] WindowsEditor [ProjectName] Editor" 

Player connection [6968] Host joined multi-casting on [225.0.0.222:54997]...
Player connection [6968] Host joined alternative multi-casting on [225.0.0.222:34997]...
JobSystem: Creating JobQueue using job-worker-count value 7
Input System module state changed to: Initialized.
[Physics::Module] Initialized fallback backend.
[Physics::Module] Id: 0xdecafbad
Library Redirect Path: Library/
[Physics::Module] Selected backend.
[Physics::Module] Name: PhysX
[Physics::Module] Id: 0xf2b8ea05
[Physics::Module] SDK Version: 4.1.2
[Physics::Module] Integration Version: 1.0.0
[Physics::Module] Threading Mode: Multi-Threaded
Refreshing native plugins compatible for Editor in 2.42 ms, found 3 plugins.
Preloading 0 native plugins for Editor in 0.00 ms.
Initialize engine version: 6000.1.13f1 (418bd0acaa6b)
[Subsystems] Discovering subsystems at path D:/Unity 6.1/6000.1.13f1/Editor/Data/Resources/UnitySubsystems
[Subsystems] Discovering subsystems at path D:/Create with Code/Simple RPG/Assets
GfxDevice: creating device client; kGfxThreadingModeNonThreaded
Direct3D:
    Version:         Direct3D 12 [level 12.1]
    Renderer:        NVIDIA GeForce RTX 3060 Laptop GPU (ID=0x2560)
    Vendor:          NVIDIA
    VRAM:            5996 MB
    App VRAM Budget: 5228 MB
    Driver:          32.0.15.8108
Initialize mono
Mono path[0] = 'D:/Unity 6.1/6000.1.13f1/Editor/Data/Managed'
Mono path[1] = 'D:/Unity 6.1/6000.1.13f1/Editor/Data/MonoBleedingEdge/lib/mono/unityjit-win32'
Mono config path = 'D:/Unity 6.1/6000.1.13f1/Editor/Data/MonoBleedingEdge/etc'
Using monoOptions --debugger-agent=transport=dt_socket,embedding=1,server=y,suspend=n,address=127.0.0.1:56712
Begin MonoManager ReloadAssembly
Registering precompiled unity dll's ...
Register platform support module: D:/Unity 6.1/6000.1.13f1/Editor/Data/PlaybackEngines/WebGLSupport/UnityEditor.WebGL.Extensions.dll
Register platform support module: D:/Unity 6.1/6000.1.13f1/Editor/Data/PlaybackEngines/WindowsStandaloneSupport/UnityEditor.WindowsStandalone.Extensions.dll
Registered in 0.002023 seconds.
- Loaded All Assemblies, in  0.466 seconds
Native extension for WindowsStandalone target not found
Native extension for WebGL target not found
Mono: successfully reloaded assembly
- Finished resetting the current domain, in  0.441 seconds
Domain Reload Profiling: 907ms
	BeginReloadAssembly (152ms)
		ExecutionOrderSort (0ms)
		DisableScriptedObjects (0ms)
		BackupInstance (0ms)
		ReleaseScriptingObjects (0ms)
		CreateAndSetChildDomain (1ms)
	RebuildCommonClasses (43ms)
	RebuildNativeTypeToScriptingClass (11ms)
	initialDomainReloadingComplete (59ms)
	LoadAllAssembliesAndSetupDomain (200ms)
		LoadAssemblies (152ms)
		RebuildTransferFunctionScriptingTraits (0ms)
		AnalyzeDomain (195ms)
			TypeCache.Refresh (193ms)
				TypeCache.ScanAssembly (177ms)
			BuildScriptInfoCaches (0ms)
			ResolveRequiredComponents (1ms)
	FinalizeReload (441ms)
		ReleaseScriptCaches (0ms)
		RebuildScriptCaches (0ms)
		SetupLoadedEditorAssemblies (384ms)
			LogAssemblyErrors (0ms)
			InitializePlatformSupportModulesInManaged (77ms)
			SetLoadedEditorAssemblies (4ms)
			BeforeProcessingInitializeOnLoad (68ms)
			ProcessInitializeOnLoadAttributes (155ms)
			ProcessInitializeOnLoadMethodAttributes (79ms)
			AfterProcessingInitializeOnLoad (0ms)
			EditorAssembliesLoaded (0ms)
		ExecutionOrderSort2 (0ms)
		AwakeInstancesAfterBackupRestoration (0ms)
========================================================================
Worker process is ready to serve import requests
Import Worker Mode flag is 0x00
Begin MonoManager ReloadAssembly
- Loaded All Assemblies, in  1.086 seconds
Refreshing native plugins compatible for Editor in 1.05 ms, found 3 plugins.
Native extension for WindowsStandalone target not found
Native extension for WebGL target not found
Mono: successfully reloaded assembly
- Finished resetting the current domain, in  0.766 seconds
Domain Reload Profiling: 1849ms
	BeginReloadAssembly (243ms)
		ExecutionOrderSort (0ms)
		DisableScriptedObjects (9ms)
		BackupInstance (0ms)
		ReleaseScriptingObjects (0ms)
		CreateAndSetChildDomain (49ms)
	RebuildCommonClasses (51ms)
	RebuildNativeTypeToScriptingClass (16ms)
	initialDomainReloadingComplete (53ms)
	LoadAllAssembliesAndSetupDomain (720ms)
		LoadAssemblies (490ms)
		RebuildTransferFunctionScriptingTraits (0ms)
		AnalyzeDomain (367ms)
			TypeCache.Refresh (290ms)
				TypeCache.ScanAssembly (271ms)
			BuildScriptInfoCaches (57ms)
			ResolveRequiredComponents (15ms)
	FinalizeReload (766ms)
		ReleaseScriptCaches (0ms)
		RebuildScriptCaches (0ms)
		SetupLoadedEditorAssemblies (563ms)
			LogAssemblyErrors (0ms)
			InitializePlatformSupportModulesInManaged (3ms)
			SetLoadedEditorAssemblies (6ms)
			BeforeProcessingInitializeOnLoad (129ms)
			ProcessInitializeOnLoadAttributes (373ms)
			ProcessInitializeOnLoadMethodAttributes (49ms)
			AfterProcessingInitializeOnLoad (3ms)
			EditorAssembliesLoaded (0ms)
		ExecutionOrderSort2 (0ms)
		AwakeInstancesAfterBackupRestoration (7ms)
Launched and connected shader compiler UnityShaderCompiler.exe after 0.02 seconds
Refreshing native plugins compatible for Editor in 1.45 ms, found 3 plugins.
Preloading 0 native plugins for Editor in 0.00 ms.
Unloading 12 Unused Serialized files (Serialized files now loaded: 0)
Unloading 6081 unused Assets / (4.9 MB). Loaded Objects now: 6801.
Memory consumption went from 135.1 MB to 130.3 MB.
Total: 8.609800 ms (FindLiveObjects: 0.679300 ms CreateObjectMapping: 0.554600 ms MarkObjects: 5.039300 ms  DeleteObjects: 2.335500 ms)

========================================================================
Received Import Request.
  Time since last request: 361446.126705 seconds.
  path: Assets/QuangPhan/G2_Mercenaries/Textures/Clothes/Clothes/T_Gloves_N.tga
  artifactKey: Guid(d2eb66a2b62df934b81c0363d0d8c616) Importer(815301076,1909f56bfc062723c751e8b465ee728b)
Start importing Assets/QuangPhan/G2_Mercenaries/Textures/Clothes/Clothes/T_Gloves_N.tga using Guid(d2eb66a2b62df934b81c0363d0d8c616) Importer(815301076,1909f56bfc062723c751e8b465ee728b) (PreviewImporter) -> (artifact id: '3fd55fb280ad81c4992602f22484037a') in 0.1665264 seconds
Number of updated asset objects reloaded before import = 0Number of asset objects unloaded after import = 2

========================================================================
Received Import Request.
  Time since last request: 69.388914 seconds.
  path: Assets/InputSystem_Actions.inputactions
  artifactKey: Guid(052faaac586de48259a63d0c4782560b) Importer(2089858483,192608db42251d675da83286b1cce702)
Start importing Assets/InputSystem_Actions.inputactions using Guid(052faaac586de48259a63d0c4782560b) Importer(2089858483,192608db42251d675da83286b1cce702) (ScriptedImporter) -> (artifact id: '95a275e0a7b802c45046529aaca91530') in 0.4393955 seconds
Number of updated asset objects reloaded before import = 0Number of asset objects unloaded after import = 22

========================================================================
Received Import Request.
  Time since last request: 0.000023 seconds.
  path: Assets/QuangPhan/Common/DawnShader_SG/Floor.shadergraph
  artifactKey: Guid(2dce7988bf60b2d40b4e462bf8eaa9cc) Importer(2089858483,192608db42251d675da83286b1cce702)
Start importing Assets/QuangPhan/Common/DawnShader_SG/Floor.shadergraph using Guid(2dce7988bf60b2d40b4e462bf8eaa9cc) Importer(2089858483,192608db42251d675da83286b1cce702) (ScriptedImporter) -> (artifact id: '94d0fb7959dcbcaf2c7e20c273a25873') in 0.2477875 seconds
Number of updated asset objects reloaded before import = 0Number of asset objects unloaded after import = 6

========================================================================
Received Import Request.
  Time since last request: 0.000032 seconds.
  path: Assets/QuangPhan/Common/DEMO/Presets/ClothRubber.preset
  artifactKey: Guid(e17de9699009d9c4fa04d6bbe4878472) Importer(2089858483,192608db42251d675da83286b1cce702)
Start importing Assets/QuangPhan/Common/DEMO/Presets/ClothRubber.preset using Guid(e17de9699009d9c4fa04d6bbe4878472) Importer(2089858483,192608db42251d675da83286b1cce702) (ScriptedImporter) -> (artifact id: 'db271df0e3c09059ddc968d410483fd1') in 0.0241632 seconds
Number of updated asset objects reloaded before import = 0Number of asset objects unloaded after import = 1

========================================================================
Received Import Request.
  Time since last request: 0.000027 seconds.
  path: Assets/QuangPhan/Common/DEMO/Animations/Locomotion--Run_S.anim.fbx
  artifactKey: Guid(a073c604c44135e438eeeaef77058ac5) Importer(2089858483,192608db42251d675da83286b1cce702)
Start importing Assets/QuangPhan/Common/DEMO/Animations/Locomotion--Run_S.anim.fbx using Guid(a073c604c44135e438eeeaef77058ac5) Importer(2089858483,192608db42251d675da83286b1cce702) (ScriptedImporter) -> (artifact id: '671e476265a7298e4cf421a3d7c55fab') in 0.090811 seconds
Number of updated asset objects reloaded before import = 0Number of asset objects unloaded after import = 144

========================================================================
Received Import Request.
  Time since last request: 0.000024 seconds.
  path: Assets/QuangPhan/G2_Mercenaries/Prefabs/SK_LP287_Mercenary_Style (1) Variant.prefab
  artifactKey: Guid(f16fc2fe5861fe547a84d57c3bb5e549) Importer(2089858483,192608db42251d675da83286b1cce702)
Start importing Assets/QuangPhan/G2_Mercenaries/Prefabs/SK_LP287_Mercenary_Style (1) Variant.prefab using Guid(f16fc2fe5861fe547a84d57c3bb5e549) Importer(2089858483,192608db42251d675da83286b1cce702) (ScriptedImporter) -> (artifact id: 'dd81fca3947c9189b25ccef0e51ed48e') in 0.0719415 seconds
Number of updated asset objects reloaded before import = 0Number of asset objects unloaded after import = 890

========================================================================
Received Import Request.
  Time since last request: 0.000034 seconds.
  path: Assets/Settings/PC_RPAsset.asset
  artifactKey: Guid(4b83569d67af61e458304325a23e5dfd) Importer(2089858483,192608db42251d675da83286b1cce702)
Start importing Assets/Settings/PC_RPAsset.asset using Guid(4b83569d67af61e458304325a23e5dfd) Importer(2089858483,192608db42251d675da83286b1cce702) (ScriptedImporter) -> (artifact id: '0b008f96b1d19d7287698b46ff2d8fec') in 0.0550593 seconds
Number of updated asset objects reloaded before import = 0Number of asset objects unloaded after import = 1

========================================================================
Received Import Request.
  Time since last request: 0.000031 seconds.
  path: Assets/QuangPhan/Common/DEMO/Animations/Anim_M_Walking.fbx
  artifactKey: Guid(7785439ff6fa54e44a360c4a29526c58) Importer(2089858483,192608db42251d675da83286b1cce702)
Start importing Assets/QuangPhan/Common/DEMO/Animations/Anim_M_Walking.fbx using Guid(7785439ff6fa54e44a360c4a29526c58) Importer(2089858483,192608db42251d675da83286b1cce702) (ScriptedImporter) -> (artifact id: '114e56facc73e334add61837a72b7156') in 0.0209359 seconds
Number of updated asset objects reloaded before import = 0Number of asset objects unloaded after import = 146

========================================================================
Received Import Request.
  Time since last request: 0.000018 seconds.
  path: Assets/QuangPhan/Common/Scrips/G2CharacterGuildBook.cs
  artifactKey: Guid(86cf90a9d59edd54baf218e976550979) Importer(2089858483,192608db42251d675da83286b1cce702)
Start importing Assets/QuangPhan/Common/Scrips/G2CharacterGuildBook.cs using Guid(86cf90a9d59edd54baf218e976550979) Importer(2089858483,192608db42251d675da83286b1cce702) (ScriptedImporter) -> (artifact id: '809a39dbe3365e249d8b7eabf2d20d13') in 0.0205024 seconds
Number of updated asset objects reloaded before import = 0Number of asset objects unloaded after import = 0

========================================================================
Received Import Request.
  Time since last request: 0.000021 seconds.
  path: Assets/QuangPhan/Common/Scrips/ShaderSwapper.cs
  artifactKey: Guid(aec992c50df81af498492140a0779769) Importer(2089858483,192608db42251d675da83286b1cce702)
Start importing Assets/QuangPhan/Common/Scrips/ShaderSwapper.cs using Guid(aec992c50df81af498492140a0779769) Importer(2089858483,192608db42251d675da83286b1cce702) (ScriptedImporter) -> (artifact id: '6d39bb3f8e04f95ad47240182ff26940') in 0.0141274 seconds
Number of updated asset objects reloaded before import = 0Number of asset objects unloaded after import = 0

========================================================================
Received Import Request.
  Time since last request: 0.000032 seconds.
  path: Assets/QuangPhan/Common/DEMO/Animator/Lypsync1_M.controller
  artifactKey: Guid(566407999c3515247a21f7e9bfed2b4a) Importer(2089858483,192608db42251d675da83286b1cce702)
Start importing Assets/QuangPhan/Common/DEMO/Animator/Lypsync1_M.controller using Guid(566407999c3515247a21f7e9bfed2b4a) Importer(2089858483,192608db42251d675da83286b1cce702) (ScriptedImporter) -> (artifact id: 'fa7c397f48671f40c2423b3f8211acd1') in 0.013965 seconds
Number of updated asset objects reloaded before import = 0Number of asset objects unloaded after import = 3

========================================================================
Received Import Request.
  Time since last request: 0.000019 seconds.
  path: Assets/QuangPhan/Common/DEMO/Prefabs/Armature.prefab
  artifactKey: Guid(fe92e9513a11fc04e817f4f7bd15761b) Importer(2089858483,192608db42251d675da83286b1cce702)
Start importing Assets/QuangPhan/Common/DEMO/Prefabs/Armature.prefab using Guid(fe92e9513a11fc04e817f4f7bd15761b) Importer(2089858483,192608db42251d675da83286b1cce702) (ScriptedImporter) -> (artifact id: '9aca7accf2acc3a834819a877237072d') in 0.025669 seconds
Number of updated asset objects reloaded before import = 0Number of asset objects unloaded after import = 298

========================================================================
Received Import Request.
  Time since last request: 0.000021 seconds.
  path: Assets/QuangPhan/Common/Prefabs/Camera/DawnCamera.prefab
  artifactKey: Guid(c7f4b09b7752a7d40921bba633f99f24) Importer(2089858483,192608db42251d675da83286b1cce702)
Start importing Assets/QuangPhan/Common/Prefabs/Camera/DawnCamera.prefab using Guid(c7f4b09b7752a7d40921bba633f99f24) Importer(2089858483,192608db42251d675da83286b1cce702) (ScriptedImporter) -> (artifact id: '8b6b3cce988e02b07b840f89a2d73e02') in 0.0275809 seconds
Number of updated asset objects reloaded before import = 0Number of asset objects unloaded after import = 8

========================================================================
Received Import Request.
  Time since last request: 0.000029 seconds.
  path: Assets/QuangPhan/Common/Textures/Eyes/T_Eye_BC.tga
  artifactKey: Guid(ecc914b2ef202e142b95489ec74f0cdd) Importer(2089858483,192608db42251d675da83286b1cce702)
Start importing Assets/QuangPhan/Common/Textures/Eyes/T_Eye_BC.tga using Guid(ecc914b2ef202e142b95489ec74f0cdd) Importer(2089858483,192608db42251d675da83286b1cce702) (ScriptedImporter) -> (artifact id: '38bb619e28695cfa1ce2c62ddf784202') in 0.0576041 seconds
Number of updated asset objects reloaded before import = 0Number of asset objects unloaded after import = 1

========================================================================
Received Import Request.
  Time since last request: 0.000032 seconds.
  path: Assets/QuangPhan/Common/Textures/Eyes/T_EyeBlue_BC.tga
  artifactKey: Guid(c959165f1f800074991799da950dd383) Importer(2089858483,192608db42251d675da83286b1cce702)
Start importing Assets/QuangPhan/Common/Textures/Eyes/T_EyeBlue_BC.tga using Guid(c959165f1f800074991799da950dd383) Importer(2089858483,192608db42251d675da83286b1cce702) (ScriptedImporter) -> (artifact id: '87e4c16c37ed807c4a62bc2414d1fffb') in 0.0239247 seconds
Number of updated asset objects reloaded before import = 0Number of asset objects unloaded after import = 1

========================================================================
Received Import Request.
  Time since last request: 0.000018 seconds.
  path: Assets/QuangPhan/G2_Mercenaries/Prefabs/SK_LP287_Mercenary_Style (3) Variant.prefab
  artifactKey: Guid(01092a7eb30d8f347832ef867042ede0) Importer(2089858483,192608db42251d675da83286b1cce702)
Start importing Assets/QuangPhan/G2_Mercenaries/Prefabs/SK_LP287_Mercenary_Style (3) Variant.prefab using Guid(01092a7eb30d8f347832ef867042ede0) Importer(2089858483,192608db42251d675da83286b1cce702) (ScriptedImporter) -> (artifact id: 'e445762c2831b454e15a79215f022fb9') in 0.0564806 seconds
Number of updated asset objects reloaded before import = 0Number of asset objects unloaded after import = 890

========================================================================
Received Import Request.
  Time since last request: 0.000039 seconds.
  path: Assets/QuangPhan/Common/Prefabs/Avatar/SK_Human.prefab
  artifactKey: Guid(0037c56acf89f2a4dae518eb7dab5b71) Importer(2089858483,192608db42251d675da83286b1cce702)
Start importing Assets/QuangPhan/Common/Prefabs/Avatar/SK_Human.prefab using Guid(0037c56acf89f2a4dae518eb7dab5b71) Importer(2089858483,192608db42251d675da83286b1cce702) (ScriptedImporter) -> (artifact id: '461e237674a0720cc1f3b52e06c23c85') in 0.0210943 seconds
Number of updated asset objects reloaded before import = 0Number of asset objects unloaded after import = 345

========================================================================
Received Import Request.
  Time since last request: 0.000036 seconds.
  path: Assets/QuangPhan/G2_Mercenaries/Prefabs/SK_PP801_Mercenary_Style (4) Variant.prefab
  artifactKey: Guid(f5f46ddd2286e1b4591e05bd8ba9784e) Importer(2089858483,192608db42251d675da83286b1cce702)
Start importing Assets/QuangPhan/G2_Mercenaries/Prefabs/SK_PP801_Mercenary_Style (4) Variant.prefab using Guid(f5f46ddd2286e1b4591e05bd8ba9784e) Importer(2089858483,192608db42251d675da83286b1cce702) (ScriptedImporter) -> (artifact id: 'c0059cd814f5bf080ea196442781ddfe') in 0.0432707 seconds
Number of updated asset objects reloaded before import = 0Number of asset objects unloaded after import = 877

========================================================================
Received Import Request.
  Time since last request: 0.000032 seconds.
  path: Assets/QuangPhan/Common/Textures/HumanSkins/T_Cyber_Head_AMS.tga
  artifactKey: Guid(e459f35bea0a2e64a97915bfcd21faf1) Importer(2089858483,192608db42251d675da83286b1cce702)
Start importing Assets/QuangPhan/Common/Textures/HumanSkins/T_Cyber_Head_AMS.tga using Guid(e459f35bea0a2e64a97915bfcd21faf1) Importer(2089858483,192608db42251d675da83286b1cce702) (ScriptedImporter) -> (artifact id: '150e45d71518309f02b8535e96c286fd') in 0.0314037 seconds
Number of updated asset objects reloaded before import = 0Number of asset objects unloaded after import = 1

========================================================================
Received Import Request.
  Time since last request: 0.000018 seconds.
  path: Assets/QuangPhan/Common/Textures/HumanSkins/T_RoughnessMod_R.tga
  artifactKey: Guid(c0b7b18616e3d4c4d9f007d6681e9331) Importer(2089858483,192608db42251d675da83286b1cce702)
Start importing Assets/QuangPhan/Common/Textures/HumanSkins/T_RoughnessMod_R.tga using Guid(c0b7b18616e3d4c4d9f007d6681e9331) Importer(2089858483,192608db42251d675da83286b1cce702) (ScriptedImporter) -> (artifact id: '6119e72a31bbac435c9821ca9026a912') in 0.0221161 seconds
Number of updated asset objects reloaded before import = 0Number of asset objects unloaded after import = 1

========================================================================
Received Import Request.
  Time since last request: 0.000020 seconds.
  path: Assets/QuangPhan/Common/Materials/MI_Eyeslash.mat
  artifactKey: Guid(76e4338ff14fac94989f2f92cb8307aa) Importer(2089858483,192608db42251d675da83286b1cce702)
Start importing Assets/QuangPhan/Common/Materials/MI_Eyeslash.mat using Guid(76e4338ff14fac94989f2f92cb8307aa) Importer(2089858483,192608db42251d675da83286b1cce702) (ScriptedImporter) -> (artifact id: '422d8a5e1347f5d262dbc8263ddaee12') in 0.2311302 seconds
Number of updated asset objects reloaded before import = 0Number of asset objects unloaded after import = 14

========================================================================
Received Import Request.
  Time since last request: 0.000051 seconds.
  path: Assets/QuangPhan/Common/DEMO/Animator/Expression1_M.controller
  artifactKey: Guid(2540aeb564fc7554fa4ff0ab5d3131c4) Importer(2089858483,192608db42251d675da83286b1cce702)
Start importing Assets/QuangPhan/Common/DEMO/Animator/Expression1_M.controller using Guid(2540aeb564fc7554fa4ff0ab5d3131c4) Importer(2089858483,192608db42251d675da83286b1cce702) (ScriptedImporter) -> (artifact id: '2076b2ea0979010eac4f99c57e4be79b') in 0.0124109 seconds
Number of updated asset objects reloaded before import = 0Number of asset objects unloaded after import = 3

========================================================================
Received Import Request.
  Time since last request: 0.000030 seconds.
  path: Assets/QuangPhan/Common/Textures/HumanSkins/T_Body_M.tga
  artifactKey: Guid(0aa68d6e7a0fb194cbdb1301539fb80c) Importer(2089858483,192608db42251d675da83286b1cce702)
Start importing Assets/QuangPhan/Common/Textures/HumanSkins/T_Body_M.tga using Guid(0aa68d6e7a0fb194cbdb1301539fb80c) Importer(2089858483,192608db42251d675da83286b1cce702) (ScriptedImporter) -> (artifact id: 'aa397151a260598658c53b3b3fa85a61') in 0.0260764 seconds
Number of updated asset objects reloaded before import = 0Number of asset objects unloaded after import = 1

========================================================================
Received Import Request.
  Time since last request: 0.000019 seconds.
  path: Assets/QuangPhan/Common/Textures/HumanSkins/T_HeadExtra_M.tga
  artifactKey: Guid(937599cb8c3c1b748842feed92c8ad35) Importer(2089858483,192608db42251d675da83286b1cce702)
Start importing Assets/QuangPhan/Common/Textures/HumanSkins/T_HeadExtra_M.tga using Guid(937599cb8c3c1b748842feed92c8ad35) Importer(2089858483,192608db42251d675da83286b1cce702) (ScriptedImporter) -> (artifact id: 'a4f8baa83d8ae6d7cd6e361f0a178771') in 0.0325181 seconds
Number of updated asset objects reloaded before import = 0Number of asset objects unloaded after import = 1

========================================================================
Received Import Request.
  Time since last request: 0.000021 seconds.
  path: Assets/QuangPhan/Common/Textures/Teeth/T_Teeth_ORM.tga
  artifactKey: Guid(cb822157da66ab641844bf012ab144c3) Importer(2089858483,192608db42251d675da83286b1cce702)
Start importing Assets/QuangPhan/Common/Textures/Teeth/T_Teeth_ORM.tga using Guid(cb822157da66ab641844bf012ab144c3) Importer(2089858483,192608db42251d675da83286b1cce702) (ScriptedImporter) -> (artifact id: 'fc657946ff165119a5fde7648f675f66') in 0.0285881 seconds
Number of updated asset objects reloaded before import = 0Number of asset objects unloaded after import = 1

========================================================================
Received Import Request.
  Time since last request: 0.000029 seconds.
  path: Assets/QuangPhan/Common/Textures/Tilling Textures/T_PatternA_BC.png
  artifactKey: Guid(db7f4ce1bb2d95d4e9b96b7dbe5a5fc8) Importer(2089858483,192608db42251d675da83286b1cce702)
Start importing Assets/QuangPhan/Common/Textures/Tilling Textures/T_PatternA_BC.png using Guid(db7f4ce1bb2d95d4e9b96b7dbe5a5fc8) Importer(2089858483,192608db42251d675da83286b1cce702) (ScriptedImporter) -> (artifact id: '83bcf435cb987917b56f31a18d73e223') in 0.0321759 seconds
Number of updated asset objects reloaded before import = 0Number of asset objects unloaded after import = 1

========================================================================
Received Import Request.
  Time since last request: 0.000033 seconds.
  path: Assets/TutorialInfo/Scripts/Editor/ReadmeEditor.cs
  artifactKey: Guid(476cc7d7cd9874016adc216baab94a0a) Importer(2089858483,192608db42251d675da83286b1cce702)
Start importing Assets/TutorialInfo/Scripts/Editor/ReadmeEditor.cs using Guid(476cc7d7cd9874016adc216baab94a0a) Importer(2089858483,192608db42251d675da83286b1cce702) (ScriptedImporter) -> (artifact id: '70a650adc3b50cd03fa01623c402c4f3') in 0.0207787 seconds
Number of updated asset objects reloaded before import = 0Number of asset objects unloaded after import = 0

========================================================================
Received Import Request.
  Time since last request: 0.000017 seconds.
  path: Assets/QuangPhan/Common/DEMO/Animations/Anim_Run.fbx
  artifactKey: Guid(95d572750e3730c4096b615158f80714) Importer(2089858483,192608db42251d675da83286b1cce702)
Start importing Assets/QuangPhan/Common/DEMO/Animations/Anim_Run.fbx using Guid(95d572750e3730c4096b615158f80714) Importer(2089858483,192608db42251d675da83286b1cce702) (ScriptedImporter) -> (artifact id: '5265e126da50c8e8b6eed8dc74073d12') in 0.0241593 seconds
Number of updated asset objects reloaded before import = 0Number of asset objects unloaded after import = 146

========================================================================
Received Import Request.
  Time since last request: 0.000021 seconds.
  path: Assets/Settings/PC_Renderer.asset
  artifactKey: Guid(f288ae1f4751b564a96ac7587541f7a2) Importer(2089858483,192608db42251d675da83286b1cce702)
Start importing Assets/Settings/PC_Renderer.asset using Guid(f288ae1f4751b564a96ac7587541f7a2) Importer(2089858483,192608db42251d675da83286b1cce702) (ScriptedImporter) -> (artifact id: '1f08848c646cafa8dc404ad3f3c4c5bc') in 0.0433749 seconds
Number of updated asset objects reloaded before import = 0Number of asset objects unloaded after import = 1

========================================================================
Received Import Request.
  Time since last request: 0.000019 seconds.
  path: Assets/QuangPhan/Common/DEMO/Presets/CharacterController.preset
  artifactKey: Guid(a56879d299530394fbed92e947d78df8) Importer(2089858483,192608db42251d675da83286b1cce702)
Start importing Assets/QuangPhan/Common/DEMO/Presets/CharacterController.preset using Guid(a56879d299530394fbed92e947d78df8) Importer(2089858483,192608db42251d675da83286b1cce702) (ScriptedImporter) -> (artifact id: 'c6acac66bd858f7e6b153b1d944c3c67') in 0.0131462 seconds
Number of updated asset objects reloaded before import = 0Number of asset objects unloaded after import = 1

========================================================================
Received Import Request.
  Time since last request: 0.000039 seconds.
  path: Assets/QuangPhan/G2_Mercenaries/Scene/Overview.unity
  artifactKey: Guid(398a28fccb3489a41ba69537970dd974) Importer(2089858483,192608db42251d675da83286b1cce702)
Start importing Assets/QuangPhan/G2_Mercenaries/Scene/Overview.unity using Guid(398a28fccb3489a41ba69537970dd974) Importer(2089858483,192608db42251d675da83286b1cce702) (ScriptedImporter) -> (artifact id: '6e013f08b9dab52e7a913fef5a7220e6') in 0.0204988 seconds
Number of updated asset objects reloaded before import = 0Number of asset objects unloaded after import = 1

========================================================================
Received Import Request.
  Time since last request: 0.000016 seconds.
  path: Assets/QuangPhan/Common/Textures/Underwear/T_Underwear_N.tga
  artifactKey: Guid(4fbbcf21ec37e0e41af1c7b84d4b49df) Importer(2089858483,192608db42251d675da83286b1cce702)
Start importing Assets/QuangPhan/Common/Textures/Underwear/T_Underwear_N.tga using Guid(4fbbcf21ec37e0e41af1c7b84d4b49df) Importer(2089858483,192608db42251d675da83286b1cce702) (ScriptedImporter) -> (artifact id: '105c2942b06e7e709a6f71c2a4ad5a4d') in 0.0260524 seconds
Number of updated asset objects reloaded before import = 0Number of asset objects unloaded after import = 1

========================================================================
Received Import Request.
  Time since last request: 0.000018 seconds.
  path: Assets/QuangPhan/Common/Textures/Underwear/T_Underwear_Dirt.tga
  artifactKey: Guid(fd520ffc3c3f04e408bf12608ae8c7ad) Importer(2089858483,192608db42251d675da83286b1cce702)
Start importing Assets/QuangPhan/Common/Textures/Underwear/T_Underwear_Dirt.tga using Guid(fd520ffc3c3f04e408bf12608ae8c7ad) Importer(2089858483,192608db42251d675da83286b1cce702) (ScriptedImporter) -> (artifact id: '06def2f1a05f56fe6f71b5998605d399') in 0.0218457 seconds
Number of updated asset objects reloaded before import = 0Number of asset objects unloaded after import = 1

========================================================================
Received Import Request.
  Time since last request: 0.000027 seconds.
  path: Assets/QuangPhan/Common/Textures/Underwear/T_Bikini_N.tga
  artifactKey: Guid(71f48005234c533429fc3e95286f0201) Importer(2089858483,192608db42251d675da83286b1cce702)
Start importing Assets/QuangPhan/Common/Textures/Underwear/T_Bikini_N.tga using Guid(71f48005234c533429fc3e95286f0201) Importer(2089858483,192608db42251d675da83286b1cce702) (ScriptedImporter) -> (artifact id: 'd26011ac382da3a7a361c575de2a0f3c') in 0.0256193 seconds
Number of updated asset objects reloaded before import = 0Number of asset objects unloaded after import = 1

========================================================================
Received Import Request.
  Time since last request: 0.000055 seconds.
  path: Assets/QuangPhan/Common/Textures/Underwear/T_Underwear_BC.tga
  artifactKey: Guid(54bc65175ff25584289163df8a38852a) Importer(2089858483,192608db42251d675da83286b1cce702)
Start importing Assets/QuangPhan/Common/Textures/Underwear/T_Underwear_BC.tga using Guid(54bc65175ff25584289163df8a38852a) Importer(2089858483,192608db42251d675da83286b1cce702) (ScriptedImporter) -> (artifact id: 'fa448c7647fafad74cbb02c152cab91b') in 0.0221567 seconds
Number of updated asset objects reloaded before import = 0Number of asset objects unloaded after import = 1

========================================================================
Received Import Request.
  Time since last request: 0.000020 seconds.
  path: Assets/QuangPhan/G2_Mercenaries/Materials/Clothings/MI_Mask.mat
  artifactKey: Guid(eba36e5c90be0524bb1829d7d5689e8f) Importer(2089858483,192608db42251d675da83286b1cce702)
Start importing Assets/QuangPhan/G2_Mercenaries/Materials/Clothings/MI_Mask.mat using Guid(eba36e5c90be0524bb1829d7d5689e8f) Importer(2089858483,192608db42251d675da83286b1cce702) (ScriptedImporter) -> (artifact id: '841c310349fb02dac334f3c72f7f8447') in 0.0346523 seconds
Number of updated asset objects reloaded before import = 0Number of asset objects unloaded after import = 12

========================================================================
Received Import Request.
  Time since last request: 0.000021 seconds.
  path: Assets/QuangPhan/Common/Textures/HumanSkins/T_SkinPore_N.tga
  artifactKey: Guid(d54cdf79e278424479766a2d304e064f) Importer(2089858483,192608db42251d675da83286b1cce702)
Start importing Assets/QuangPhan/Common/Textures/HumanSkins/T_SkinPore_N.tga using Guid(d54cdf79e278424479766a2d304e064f) Importer(2089858483,192608db42251d675da83286b1cce702) (ScriptedImporter) -> (artifact id: '3e06bf06ce0e3d3367a2927ef209c3aa') in 0.0224834 seconds
Number of updated asset objects reloaded before import = 0Number of asset objects unloaded after import = 1

========================================================================
Received Import Request.
  Time since last request: 0.000029 seconds.
  path: Assets/QuangPhan/Common/Materials/MI_EyesTear.mat
  artifactKey: Guid(33a67d22c323fcf4b87f123a640a1b0f) Importer(2089858483,192608db42251d675da83286b1cce702)
Start importing Assets/QuangPhan/Common/Materials/MI_EyesTear.mat using Guid(33a67d22c323fcf4b87f123a640a1b0f) Importer(2089858483,192608db42251d675da83286b1cce702) (ScriptedImporter) -> (artifact id: 'e8001281a176acbb44e9479b7fb0c357') in 0.2058124 seconds
Number of updated asset objects reloaded before import = 0Number of asset objects unloaded after import = 7

========================================================================
Received Import Request.
  Time since last request: 0.000035 seconds.
  path: Assets/QuangPhan/G2_Mercenaries/Materials/Clothings/MI_Underwear.mat
  artifactKey: Guid(c800dbb652a362543982ae23f6d04cf4) Importer(2089858483,192608db42251d675da83286b1cce702)
Start importing Assets/QuangPhan/G2_Mercenaries/Materials/Clothings/MI_Underwear.mat using Guid(c800dbb652a362543982ae23f6d04cf4) Importer(2089858483,192608db42251d675da83286b1cce702) (ScriptedImporter) -> (artifact id: '8cb952311b8b67a02dfdec743fb85199') in 0.0336324 seconds
Number of updated asset objects reloaded before import = 0Number of asset objects unloaded after import = 12

========================================================================
Received Import Request.
  Time since last request: 0.000028 seconds.
  path: Assets/QuangPhan/G2_Mercenaries/Materials/Clothings/MI_Shoes.mat
  artifactKey: Guid(0e8195e5119c22e4bb670d9735c0b973) Importer(2089858483,192608db42251d675da83286b1cce702)
Start importing Assets/QuangPhan/G2_Mercenaries/Materials/Clothings/MI_Shoes.mat using Guid(0e8195e5119c22e4bb670d9735c0b973) Importer(2089858483,192608db42251d675da83286b1cce702) (ScriptedImporter) -> (artifact id: '59cd8119a7f66a5996bb2e448d8f7c00') in 0.0334437 seconds
Number of updated asset objects reloaded before import = 0Number of asset objects unloaded after import = 12

========================================================================
Received Import Request.
  Time since last request: 0.000020 seconds.
  path: Assets/Settings/UniversalRenderPipelineGlobalSettings.asset
  artifactKey: Guid(18dc0cd2c080841dea60987a38ce93fa) Importer(2089858483,192608db42251d675da83286b1cce702)
Start importing Assets/Settings/UniversalRenderPipelineGlobalSettings.asset using Guid(18dc0cd2c080841dea60987a38ce93fa) Importer(2089858483,192608db42251d675da83286b1cce702) (ScriptedImporter) -> (artifact id: '6dec6125846796661b3cdd3ad46d85b2') in 0.0798113 seconds
Number of updated asset objects reloaded before import = 0Number of asset objects unloaded after import = 0

========================================================================
Received Import Request.
  Time since last request: 0.000032 seconds.
  path: Assets/QuangPhan/Common/DEMO/HDRP_Settings/DawnHDRPSettings/DawnHDRPDefaultSettings.asset
  artifactKey: Guid(582adbd84082fdb4faf7cd4beb1ccd14) Importer(2089858483,192608db42251d675da83286b1cce702)
Start importing Assets/QuangPhan/Common/DEMO/HDRP_Settings/DawnHDRPSettings/DawnHDRPDefaultSettings.asset using Guid(582adbd84082fdb4faf7cd4beb1ccd14) Importer(2089858483,192608db42251d675da83286b1cce702) (ScriptedImporter) -> (artifact id: 'f4a63afd0025565a1daa0e7eeb86d3fe') in 0.0149082 seconds
Number of updated asset objects reloaded before import = 0Number of asset objects unloaded after import = 10

========================================================================
Received Import Request.
  Time since last request: 0.000030 seconds.
  path: Assets/QuangPhan/Common/DEMO/HDRP_Settings/DiffusionProfiles/Foliage.asset
  artifactKey: Guid(6e94d1ca61d56c942aa5808e9a565692) Importer(2089858483,192608db42251d675da83286b1cce702)
Start importing Assets/QuangPhan/Common/DEMO/HDRP_Settings/DiffusionProfiles/Foliage.asset using Guid(6e94d1ca61d56c942aa5808e9a565692) Importer(2089858483,192608db42251d675da83286b1cce702) (ScriptedImporter) -> (artifact id: 'f5caa1af55217e18c66e53dea0954eec') in 0.0111775 seconds
Number of updated asset objects reloaded before import = 0Number of asset objects unloaded after import = 1

========================================================================
Received Import Request.
  Time since last request: 0.000018 seconds.
  path: Assets/QuangPhan/Common/DEMO/HDRP_Settings/DawnHDRPSettings/DawnSampleScenePostProcessingSettings.asset
  artifactKey: Guid(183cbd347d25080429f42b520742bbd8) Importer(2089858483,192608db42251d675da83286b1cce702)
Start importing Assets/QuangPhan/Common/DEMO/HDRP_Settings/DawnHDRPSettings/DawnSampleScenePostProcessingSettings.asset using Guid(183cbd347d25080429f42b520742bbd8) Importer(2089858483,192608db42251d675da83286b1cce702) (ScriptedImporter) -> (artifact id: 'e58d7a1185a19bdfa2271a3d1f34372a') in 0.0178937 seconds
Number of updated asset objects reloaded before import = 0Number of asset objects unloaded after import = 10

========================================================================
Received Import Request.
  Time since last request: 0.000018 seconds.
  path: Assets/QuangPhan/Common/DEMO/HDRP_Settings/DiffusionProfiles/BambooLeaves.asset
  artifactKey: Guid(1ce8e449be105b04fa89f5adb8bcdab6) Importer(2089858483,192608db42251d675da83286b1cce702)
Start importing Assets/QuangPhan/Common/DEMO/HDRP_Settings/DiffusionProfiles/BambooLeaves.asset using Guid(1ce8e449be105b04fa89f5adb8bcdab6) Importer(2089858483,192608db42251d675da83286b1cce702) (ScriptedImporter) -> (artifact id: '32530da6e0d205097a0650b97303e6c9') in 0.012257 seconds
Number of updated asset objects reloaded before import = 0Number of asset objects unloaded after import = 1

========================================================================
Received Import Request.
  Time since last request: 0.000021 seconds.
  path: Assets/QuangPhan/Common/Meshes/Floors/SM_BoxChamfer3.fbx
  artifactKey: Guid(6aba3a59cc137fe4bad4f8e47cfbb7b5) Importer(2089858483,192608db42251d675da83286b1cce702)
Start importing Assets/QuangPhan/Common/Meshes/Floors/SM_BoxChamfer3.fbx using Guid(6aba3a59cc137fe4bad4f8e47cfbb7b5) Importer(2089858483,192608db42251d675da83286b1cce702) (ScriptedImporter) -> (artifact id: '859b15338a868a3988dd884aefe22852') in 0.0341087 seconds
Number of updated asset objects reloaded before import = 0Number of asset objects unloaded after import = 8

========================================================================
Received Import Request.
  Time since last request: 0.000026 seconds.
  path: Assets/QuangPhan/G2_Mercenaries/Meshes/SK_MHair.fbx
  artifactKey: Guid(133376e8e1ba7be44930e1279a9659fa) Importer(2089858483,192608db42251d675da83286b1cce702)
Start importing Assets/QuangPhan/G2_Mercenaries/Meshes/SK_MHair.fbx using Guid(133376e8e1ba7be44930e1279a9659fa) Importer(2089858483,192608db42251d675da83286b1cce702) (ScriptedImporter) -> (artifact id: '158098f198b3d8e4db367a1c7b814c4d') in 0.0187573 seconds
Number of updated asset objects reloaded before import = 0Number of asset objects unloaded after import = 12

========================================================================
Received Import Request.
  Time since last request: 0.000034 seconds.
  path: Assets/QuangPhan/Common/Materials/Examples/MI_Bikini 1.mat
  artifactKey: Guid(161c19b0bfc39c94385d35b12ec984c4) Importer(2089858483,192608db42251d675da83286b1cce702)
Start importing Assets/QuangPhan/Common/Materials/Examples/MI_Bikini 1.mat using Guid(161c19b0bfc39c94385d35b12ec984c4) Importer(2089858483,192608db42251d675da83286b1cce702) (ScriptedImporter) -> (artifact id: '7ba0dd546a26dd1b5e30d53e5f2ee2f3') in 0.0401078 seconds
Number of updated asset objects reloaded before import = 0Number of asset objects unloaded after import = 13

========================================================================
Received Import Request.
  Time since last request: 0.000022 seconds.
  path: Assets/QuangPhan/G2_Mercenaries/Scene/URP_BiRD.unity
  artifactKey: Guid(fa5395406b76d054bbedb7ba8064155f) Importer(2089858483,192608db42251d675da83286b1cce702)
Start importing Assets/QuangPhan/G2_Mercenaries/Scene/URP_BiRD.unity using Guid(fa5395406b76d054bbedb7ba8064155f) Importer(2089858483,192608db42251d675da83286b1cce702) (ScriptedImporter) -> (artifact id: 'cbb459da4241fcf671db800026752fd6') in 0.0353086 seconds
Number of updated asset objects reloaded before import = 0Number of asset objects unloaded after import = 1

========================================================================
Received Import Request.
  Time since last request: 0.000015 seconds.
  path: Assets/QuangPhan/G2_Mercenaries/Materials/Characters/Hairs/MI_HairsDyeing.mat
  artifactKey: Guid(58ebaa56c55052f4fbed440f3d5baf14) Importer(2089858483,192608db42251d675da83286b1cce702)
Start importing Assets/QuangPhan/G2_Mercenaries/Materials/Characters/Hairs/MI_HairsDyeing.mat using Guid(58ebaa56c55052f4fbed440f3d5baf14) Importer(2089858483,192608db42251d675da83286b1cce702) (ScriptedImporter) -> (artifact id: 'dfa33ce213876caf8d1d231b833c51a0') in 0.3363103 seconds
Number of updated asset objects reloaded before import = 0Number of asset objects unloaded after import = 16

========================================================================
Received Import Request.
  Time since last request: 0.000039 seconds.
  path: Assets/QuangPhan/Common/Textures/Teeth/T_Teeth_M.tga
  artifactKey: Guid(6b108b653d7bfc141b5fbf9764ea170b) Importer(2089858483,192608db42251d675da83286b1cce702)
Start importing Assets/QuangPhan/Common/Textures/Teeth/T_Teeth_M.tga using Guid(6b108b653d7bfc141b5fbf9764ea170b) Importer(2089858483,192608db42251d675da83286b1cce702) (ScriptedImporter) -> (artifact id: '0863d59682e4a7f59bbc937146658b3a') in 0.0302128 seconds
Number of updated asset objects reloaded before import = 0Number of asset objects unloaded after import = 1

========================================================================
Received Import Request.
  Time since last request: 0.000031 seconds.
  path: Assets/QuangPhan/G2_Mercenaries/Textures/Characters/Hairs/T_Hair_Alpha.tga
  artifactKey: Guid(209851369cc287b47a13e2adb7a0dbcc) Importer(2089858483,192608db42251d675da83286b1cce702)
Start importing Assets/QuangPhan/G2_Mercenaries/Textures/Characters/Hairs/T_Hair_Alpha.tga using Guid(209851369cc287b47a13e2adb7a0dbcc) Importer(2089858483,192608db42251d675da83286b1cce702) (ScriptedImporter) -> (artifact id: '8dfe614d201a835d4f003b1c83e10c76') in 0.0307098 seconds
Number of updated asset objects reloaded before import = 0Number of asset objects unloaded after import = 1

========================================================================
Received Import Request.
  Time since last request: 0.000018 seconds.
  path: Assets/QuangPhan/G2_Mercenaries/Materials/Clothings/Examples/MI_Shirts 2.mat
  artifactKey: Guid(ddc461729fad86b4fbf876c5281d8cc2) Importer(2089858483,192608db42251d675da83286b1cce702)
Start importing Assets/QuangPhan/G2_Mercenaries/Materials/Clothings/Examples/MI_Shirts 2.mat using Guid(ddc461729fad86b4fbf876c5281d8cc2) Importer(2089858483,192608db42251d675da83286b1cce702) (ScriptedImporter) -> (artifact id: '7eb17c1eb8eb0de987c47051474510d4') in 0.1019813 seconds
Number of updated asset objects reloaded before import = 0Number of asset objects unloaded after import = 12

========================================================================
Received Import Request.
  Time since last request: 0.000043 seconds.
  path: Assets/QuangPhan/Common/Textures/Teeth/T_Teeth_N.tga
  artifactKey: Guid(f178484fe6cac8747b19b21b96e25762) Importer(2089858483,192608db42251d675da83286b1cce702)
Start importing Assets/QuangPhan/Common/Textures/Teeth/T_Teeth_N.tga using Guid(f178484fe6cac8747b19b21b96e25762) Importer(2089858483,192608db42251d675da83286b1cce702) (ScriptedImporter) -> (artifact id: 'b65395aced282a669d7018200c9e4cc0') in 0.0284231 seconds
Number of updated asset objects reloaded before import = 0Number of asset objects unloaded after import = 1

========================================================================
Received Import Request.
  Time since last request: 0.000034 seconds.
  path: Assets/QuangPhan/Common/DEMO/Animations/Stand--Idle.anim.fbx
  artifactKey: Guid(12e52e465ed793a4d801955e9f964a82) Importer(2089858483,192608db42251d675da83286b1cce702)
Start importing Assets/QuangPhan/Common/DEMO/Animations/Stand--Idle.anim.fbx using Guid(12e52e465ed793a4d801955e9f964a82) Importer(2089858483,192608db42251d675da83286b1cce702) (ScriptedImporter) -> (artifact id: '5bb346d69e1d4999c687a7541173ff61') in 0.0269319 seconds
Number of updated asset objects reloaded before import = 0Number of asset objects unloaded after import = 144

========================================================================
Received Import Request.
  Time since last request: 0.000018 seconds.
  path: Assets/QuangPhan/G2_Mercenaries/Prefabs/Originals/SK_SwordCover.prefab
  artifactKey: Guid(9fff122973d99474ead9481fc990d4b7) Importer(2089858483,192608db42251d675da83286b1cce702)
Start importing Assets/QuangPhan/G2_Mercenaries/Prefabs/Originals/SK_SwordCover.prefab using Guid(9fff122973d99474ead9481fc990d4b7) Importer(2089858483,192608db42251d675da83286b1cce702) (ScriptedImporter) -> (artifact id: '17640be02502e6baef77d87e1c88ae99') in 0.013768 seconds
Number of updated asset objects reloaded before import = 0Number of asset objects unloaded after import = 12

========================================================================
Received Import Request.
  Time since last request: 0.000019 seconds.
  path: Assets/QuangPhan/Common/Textures/Eyeslash/T_Eyeslash_M.tga
  artifactKey: Guid(18011a8daf9fac34d8f436c40d2f4ae3) Importer(2089858483,192608db42251d675da83286b1cce702)
Start importing Assets/QuangPhan/Common/Textures/Eyeslash/T_Eyeslash_M.tga using Guid(18011a8daf9fac34d8f436c40d2f4ae3) Importer(2089858483,192608db42251d675da83286b1cce702) (ScriptedImporter) -> (artifact id: 'eeb21edc3f0344f1aec5cbab4f6374e9') in 0.0209199 seconds
Number of updated asset objects reloaded before import = 0Number of asset objects unloaded after import = 1

========================================================================
Received Import Request.
  Time since last request: 0.000020 seconds.
  path: Assets/QuangPhan/G2_Mercenaries/Textures/Characters/Skins/T_Head_N.tga
  artifactKey: Guid(4286ceb524bf71741b1a05f95ba654a7) Importer(2089858483,192608db42251d675da83286b1cce702)
Start importing Assets/QuangPhan/G2_Mercenaries/Textures/Characters/Skins/T_Head_N.tga using Guid(4286ceb524bf71741b1a05f95ba654a7) Importer(2089858483,192608db42251d675da83286b1cce702) (ScriptedImporter) -> (artifact id: '39287423efd4eddec079294cd580d008') in 0.0256049 seconds
Number of updated asset objects reloaded before import = 0Number of asset objects unloaded after import = 1

========================================================================
Received Import Request.
  Time since last request: 0.000027 seconds.
  path: Assets/QuangPhan/G2_Mercenaries/Textures/Characters/Skins/T_Head_ORM.tga
  artifactKey: Guid(ee89779f165cc5b40bf348d45f84005e) Importer(2089858483,192608db42251d675da83286b1cce702)
Start importing Assets/QuangPhan/G2_Mercenaries/Textures/Characters/Skins/T_Head_ORM.tga using Guid(ee89779f165cc5b40bf348d45f84005e) Importer(2089858483,192608db42251d675da83286b1cce702) (ScriptedImporter) -> (artifact id: '9523eccb9e2a9d107fdb3cf11605489c') in 0.0278554 seconds
Number of updated asset objects reloaded before import = 0Number of asset objects unloaded after import = 1

========================================================================
Received Import Request.
  Time since last request: 0.000016 seconds.
  path: Assets/QuangPhan/G2_Mercenaries/Textures/Characters/Skins/T_MBody_N.tga
  artifactKey: Guid(b0c2a3651b830894c92119efc1ed17c6) Importer(2089858483,192608db42251d675da83286b1cce702)
Start importing Assets/QuangPhan/G2_Mercenaries/Textures/Characters/Skins/T_MBody_N.tga using Guid(b0c2a3651b830894c92119efc1ed17c6) Importer(2089858483,192608db42251d675da83286b1cce702) (ScriptedImporter) -> (artifact id: '32d720e731bce77bccbaf3b731eff143') in 0.0359285 seconds
Number of updated asset objects reloaded before import = 0Number of asset objects unloaded after import = 1

========================================================================
Received Import Request.
  Time since last request: 0.000018 seconds.
  path: Assets/QuangPhan/G2_Mercenaries/Materials/Characters/Skins/MI_Head.mat
  artifactKey: Guid(d4e83409a216c8b46ba92d5e9eed0e39) Importer(2089858483,192608db42251d675da83286b1cce702)
Start importing Assets/QuangPhan/G2_Mercenaries/Materials/Characters/Skins/MI_Head.mat using Guid(d4e83409a216c8b46ba92d5e9eed0e39) Importer(2089858483,192608db42251d675da83286b1cce702) (ScriptedImporter) -> (artifact id: '76f088b8308504df5b253e9e97283dca') in 0.220231 seconds
Number of updated asset objects reloaded before import = 0Number of asset objects unloaded after import = 16

========================================================================
Received Import Request.
  Time since last request: 0.000033 seconds.
  path: Assets/QuangPhan/G2_Mercenaries/Textures/Clothes/Clothes/T_MShirts_BC.tga
  artifactKey: Guid(df568fc9ca99cb0448467677721f6e3f) Importer(2089858483,192608db42251d675da83286b1cce702)
Start importing Assets/QuangPhan/G2_Mercenaries/Textures/Clothes/Clothes/T_MShirts_BC.tga using Guid(df568fc9ca99cb0448467677721f6e3f) Importer(2089858483,192608db42251d675da83286b1cce702) (ScriptedImporter) -> (artifact id: 'bf5b1f712ff3ea06534399b26a047bb8') in 0.0332905 seconds
Number of updated asset objects reloaded before import = 0Number of asset objects unloaded after import = 1

========================================================================
Received Import Request.
  Time since last request: 0.000027 seconds.
  path: Assets/QuangPhan/G2_Mercenaries/Textures/Clothes/Clothes/T_Gloves_N.tga
  artifactKey: Guid(d2eb66a2b62df934b81c0363d0d8c616) Importer(2089858483,192608db42251d675da83286b1cce702)
Start importing Assets/QuangPhan/G2_Mercenaries/Textures/Clothes/Clothes/T_Gloves_N.tga using Guid(d2eb66a2b62df934b81c0363d0d8c616) Importer(2089858483,192608db42251d675da83286b1cce702) (ScriptedImporter) -> (artifact id: '0651f3819fede301c8aa8f5130482f6a') in 0.0262097 seconds
Number of updated asset objects reloaded before import = 0Number of asset objects unloaded after import = 1

========================================================================
Received Import Request.
  Time since last request: 0.000018 seconds.
  path: Assets/QuangPhan/G2_Mercenaries/Textures/Clothes/Clothes/T_MShirts_M.tga
  artifactKey: Guid(e27ad9e77d385e244852a4590f7bbf8d) Importer(2089858483,192608db42251d675da83286b1cce702)
Start importing Assets/QuangPhan/G2_Mercenaries/Textures/Clothes/Clothes/T_MShirts_M.tga using Guid(e27ad9e77d385e244852a4590f7bbf8d) Importer(2089858483,192608db42251d675da83286b1cce702) (ScriptedImporter) -> (artifact id: '975e79506ce749ea19535f169b2ae498') in 0.0309198 seconds
Number of updated asset objects reloaded before import = 0Number of asset objects unloaded after import = 1

========================================================================
Received Import Request.
  Time since last request: 0.000024 seconds.
  path: Assets/Scenes/SampleScene.unity
  artifactKey: Guid(99c9720ab356a0642a771bea13969a05) Importer(2089858483,192608db42251d675da83286b1cce702)
Start importing Assets/Scenes/SampleScene.unity using Guid(99c9720ab356a0642a771bea13969a05) Importer(2089858483,192608db42251d675da83286b1cce702) (ScriptedImporter) -> (artifact id: 'd38a6cfb2c1e84a430fef50b87390a45') in 0.0164483 seconds
Number of updated asset objects reloaded before import = 0Number of asset objects unloaded after import = 1

========================================================================
Received Import Request.
  Time since last request: 0.000019 seconds.
  path: Assets/QuangPhan/Common/Textures/HumanSkins/T_MBody_M.tga
  artifactKey: Guid(fcd484b921524a448b3eff9ba735303c) Importer(2089858483,192608db42251d675da83286b1cce702)
Start importing Assets/QuangPhan/Common/Textures/HumanSkins/T_MBody_M.tga using Guid(fcd484b921524a448b3eff9ba735303c) Importer(2089858483,192608db42251d675da83286b1cce702) (ScriptedImporter) -> (artifact id: '5ec024c8b501009587cb9e3bf0ed01a7') in 0.0332098 seconds
Number of updated asset objects reloaded before import = 0Number of asset objects unloaded after import = 1

========================================================================
Received Import Request.
  Time since last request: 0.000037 seconds.
  path: Assets/QuangPhan/G2_Mercenaries/Materials/Characters/Hairs/MI_Hairs.mat
  artifactKey: Guid(bc8a59c4855be5d4bb6126f14a19bcdf) Importer(2089858483,192608db42251d675da83286b1cce702)
Start importing Assets/QuangPhan/G2_Mercenaries/Materials/Characters/Hairs/MI_Hairs.mat using Guid(bc8a59c4855be5d4bb6126f14a19bcdf) Importer(2089858483,192608db42251d675da83286b1cce702) (ScriptedImporter) -> (artifact id: '621e701db4599bdd097f2e35b6f0a0a1') in 0.1113908 seconds
Number of updated asset objects reloaded before import = 0Number of asset objects unloaded after import = 16

========================================================================
Received Import Request.
  Time since last request: 0.000093 seconds.
  path: Assets/QuangPhan/G2_Mercenaries/Textures/Clothes/Underwear/T_Bikini_BC.tga
  artifactKey: Guid(e48b9798e48f8e3439805cd4ae57a094) Importer(2089858483,192608db42251d675da83286b1cce702)
Start importing Assets/QuangPhan/G2_Mercenaries/Textures/Clothes/Underwear/T_Bikini_BC.tga using Guid(e48b9798e48f8e3439805cd4ae57a094) Importer(2089858483,192608db42251d675da83286b1cce702) (ScriptedImporter) -> (artifact id: '10c87145b2994ebe92195047cf28ab03') in 0.0263324 seconds
Number of updated asset objects reloaded before import = 0Number of asset objects unloaded after import = 1

========================================================================
Received Import Request.
  Time since last request: 0.000017 seconds.
  path: Assets/QuangPhan/G2_Mercenaries/Textures/Clothes/Clothes/T_Swords_Dirt.tga
  artifactKey: Guid(6fe6238288cbf184b9d9b7b273ce91d2) Importer(2089858483,192608db42251d675da83286b1cce702)
Start importing Assets/QuangPhan/G2_Mercenaries/Textures/Clothes/Clothes/T_Swords_Dirt.tga using Guid(6fe6238288cbf184b9d9b7b273ce91d2) Importer(2089858483,192608db42251d675da83286b1cce702) (ScriptedImporter) -> (artifact id: '4a29f5e6bab214f4b57576662aea238b') in 0.02814 seconds
Number of updated asset objects reloaded before import = 0Number of asset objects unloaded after import = 1

========================================================================
Received Import Request.
  Time since last request: 0.000016 seconds.
  path: Assets/QuangPhan/G2_Mercenaries/Textures/Clothes/Clothes/T_Swords_BC.tga
  artifactKey: Guid(2fcbc777f6838e945b7448e280a0e4ba) Importer(2089858483,192608db42251d675da83286b1cce702)
Start importing Assets/QuangPhan/G2_Mercenaries/Textures/Clothes/Clothes/T_Swords_BC.tga using Guid(2fcbc777f6838e945b7448e280a0e4ba) Importer(2089858483,192608db42251d675da83286b1cce702) (ScriptedImporter) -> (artifact id: '5136e6c8294cb8cd6de5837d19af0dd5') in 0.0337913 seconds
Number of updated asset objects reloaded before import = 0Number of asset objects unloaded after import = 1

========================================================================
Received Import Request.
  Time since last request: 0.000026 seconds.
  path: Assets/QuangPhan/G2_Mercenaries/Textures/Clothes/Clothes/T_Pants_Dirt.tga
  artifactKey: Guid(918b05faa136987488f8f088c800317f) Importer(2089858483,192608db42251d675da83286b1cce702)
Start importing Assets/QuangPhan/G2_Mercenaries/Textures/Clothes/Clothes/T_Pants_Dirt.tga using Guid(918b05faa136987488f8f088c800317f) Importer(2089858483,192608db42251d675da83286b1cce702) (ScriptedImporter) -> (artifact id: '90f14ed336b562efecbfe48bb0883cb4') in 0.0295552 seconds
Number of updated asset objects reloaded before import = 0Number of asset objects unloaded after import = 1

========================================================================
Received Import Request.
  Time since last request: 0.000034 seconds.
  path: Assets/QuangPhan/G2_Mercenaries/Prefabs/Originals/SK_LP287_Mercenary_SourceMeshes.prefab
  artifactKey: Guid(b81273dea76ae3c46b952d51a5be9cd3) Importer(2089858483,192608db42251d675da83286b1cce702)
Start importing Assets/QuangPhan/G2_Mercenaries/Prefabs/Originals/SK_LP287_Mercenary_SourceMeshes.prefab using Guid(b81273dea76ae3c46b952d51a5be9cd3) Importer(2089858483,192608db42251d675da83286b1cce702) (ScriptedImporter) -> (artifact id: 'b5cab238c229087880e9b7b08abbf333') in 0.0498153 seconds
Number of updated asset objects reloaded before import = 0Number of asset objects unloaded after import = 468

========================================================================
Received Import Request.
  Time since last request: 0.000022 seconds.
  path: Assets/QuangPhan/Common/Textures/Underwear/T_Bikini_M.tga
  artifactKey: Guid(17a4b98ac68cf1849b31f130efb1a49f) Importer(2089858483,192608db42251d675da83286b1cce702)
Start importing Assets/QuangPhan/Common/Textures/Underwear/T_Bikini_M.tga using Guid(17a4b98ac68cf1849b31f130efb1a49f) Importer(2089858483,192608db42251d675da83286b1cce702) (ScriptedImporter) -> (artifact id: 'b2c79dfb8d4acc3ec32ed894d7c75da4') in 0.0189407 seconds
Number of updated asset objects reloaded before import = 0Number of asset objects unloaded after import = 1

========================================================================
Received Import Request.
  Time since last request: 0.000017 seconds.
  path: Assets/Readme.asset
  artifactKey: Guid(8105016687592461f977c054a80ce2f2) Importer(2089858483,192608db42251d675da83286b1cce702)
Start importing Assets/Readme.asset using Guid(8105016687592461f977c054a80ce2f2) Importer(2089858483,192608db42251d675da83286b1cce702) (ScriptedImporter) -> (artifact id: '609eeb64e5afcca56afe62be349b7b1b') in 0.0210966 seconds
Number of updated asset objects reloaded before import = 0Number of asset objects unloaded after import = 2

========================================================================
Received Import Request.
  Time since last request: 0.000022 seconds.
  path: Assets/QuangPhan/Common/Textures/Tilling Textures/T_TextureSample4_BC.tga
  artifactKey: Guid(e2354dc1190d5f74c97b7bdb9a142dac) Importer(2089858483,192608db42251d675da83286b1cce702)
Start importing Assets/QuangPhan/Common/Textures/Tilling Textures/T_TextureSample4_BC.tga using Guid(e2354dc1190d5f74c97b7bdb9a142dac) Importer(2089858483,192608db42251d675da83286b1cce702) (ScriptedImporter) -> (artifact id: '246197b4f0a65514a4a8c0fcf4579d77') in 0.0221091 seconds
Number of updated asset objects reloaded before import = 0Number of asset objects unloaded after import = 1

========================================================================
Received Import Request.
  Time since last request: 0.000025 seconds.
  path: Assets/QuangPhan/Common/DEMO/Animator/Expression1.controller
  artifactKey: Guid(297d41310ff35b84b80fac7a4f6a17ef) Importer(2089858483,192608db42251d675da83286b1cce702)
Start importing Assets/QuangPhan/Common/DEMO/Animator/Expression1.controller using Guid(297d41310ff35b84b80fac7a4f6a17ef) Importer(2089858483,192608db42251d675da83286b1cce702) (ScriptedImporter) -> (artifact id: '50995283e501f839e5795df3c053c8e8') in 0.0139544 seconds
Number of updated asset objects reloaded before import = 0Number of asset objects unloaded after import = 3

========================================================================
Received Import Request.
  Time since last request: 0.000018 seconds.
  path: Assets/QuangPhan/G2_Mercenaries/Textures/Characters/Skins/T_MHead_Dirt.tga
  artifactKey: Guid(76986e67b71195b4d80630bc5158f4cc) Importer(2089858483,192608db42251d675da83286b1cce702)
Start importing Assets/QuangPhan/G2_Mercenaries/Textures/Characters/Skins/T_MHead_Dirt.tga using Guid(76986e67b71195b4d80630bc5158f4cc) Importer(2089858483,192608db42251d675da83286b1cce702) (ScriptedImporter) -> (artifact id: '8ac09fffc70b4c1e24ac59f1b376d043') in 0.0248192 seconds
Number of updated asset objects reloaded before import = 0Number of asset objects unloaded after import = 1

========================================================================
Received Import Request.
  Time since last request: 0.000039 seconds.
  path: Assets/QuangPhan/Common/DEMO/Presets/ClothHeavy.preset
  artifactKey: Guid(5bfabc1c8c1096d448de8e8d1803cc6d) Importer(2089858483,192608db42251d675da83286b1cce702)
Start importing Assets/QuangPhan/Common/DEMO/Presets/ClothHeavy.preset using Guid(5bfabc1c8c1096d448de8e8d1803cc6d) Importer(2089858483,192608db42251d675da83286b1cce702) (ScriptedImporter) -> (artifact id: 'c88b52f8dcadfde6f690f38daa2dda81') in 0.0556342 seconds
Number of updated asset objects reloaded before import = 0Number of asset objects unloaded after import = 1

========================================================================
Received Import Request.
  Time since last request: 0.000021 seconds.
  path: Assets/QuangPhan/G2_Mercenaries/Materials/Characters/Hairs/MI_Eyeslash.mat
  artifactKey: Guid(ccbe97f146d93264ca0ab1dcd5c7d0b4) Importer(2089858483,192608db42251d675da83286b1cce702)
Start importing Assets/QuangPhan/G2_Mercenaries/Materials/Characters/Hairs/MI_Eyeslash.mat using Guid(ccbe97f146d93264ca0ab1dcd5c7d0b4) Importer(2089858483,192608db42251d675da83286b1cce702) (ScriptedImporter) -> (artifact id: '3219b3eb2a8352ee5fd5ba9a9e5aa1d3') in 0.1074256 seconds
Number of updated asset objects reloaded before import = 0Number of asset objects unloaded after import = 16

========================================================================
Received Import Request.
  Time since last request: 0.000059 seconds.
  path: Assets/Settings/Mobile_RPAsset.asset
  artifactKey: Guid(5e6cbd92db86f4b18aec3ed561671858) Importer(2089858483,192608db42251d675da83286b1cce702)
Start importing Assets/Settings/Mobile_RPAsset.asset using Guid(5e6cbd92db86f4b18aec3ed561671858) Importer(2089858483,192608db42251d675da83286b1cce702) (ScriptedImporter) -> (artifact id: '2c9abf352bcc652a401bba0503fc52b6') in 0.0223288 seconds
Number of updated asset objects reloaded before import = 0Number of asset objects unloaded after import = 2

========================================================================
Received Import Request.
  Time since last request: 0.000020 seconds.
  path: Assets/QuangPhan/Common/Scrips/PhysicBone/ClassLibrary1.dll
  artifactKey: Guid(77c8768fa6ff0604a9fb9f6c20f73819) Importer(2089858483,192608db42251d675da83286b1cce702)
Start importing Assets/QuangPhan/Common/Scrips/PhysicBone/ClassLibrary1.dll using Guid(77c8768fa6ff0604a9fb9f6c20f73819) Importer(2089858483,192608db42251d675da83286b1cce702) (ScriptedImporter) -> (artifact id: '10844672fb154f87cd1ed1b307d925aa') in 0.0239861 seconds
Number of updated asset objects reloaded before import = 0Number of asset objects unloaded after import = 0

========================================================================
Received Import Request.
  Time since last request: 0.000018 seconds.
  path: Assets/QuangPhan/G2_Mercenaries/Textures/Characters/Skins/T_MHead_BC.tga
  artifactKey: Guid(727d3cf2a4fbf054c804f774dc1aac96) Importer(2089858483,192608db42251d675da83286b1cce702)
Start importing Assets/QuangPhan/G2_Mercenaries/Textures/Characters/Skins/T_MHead_BC.tga using Guid(727d3cf2a4fbf054c804f774dc1aac96) Importer(2089858483,192608db42251d675da83286b1cce702) (ScriptedImporter) -> (artifact id: '556df60492f0525616967af89a580d43') in 0.0248826 seconds
Number of updated asset objects reloaded before import = 0Number of asset objects unloaded after import = 1

========================================================================
Received Import Request.
  Time since last request: 0.000017 seconds.
  path: Assets/QuangPhan/Common/Textures/Underwear/T_Underwear_ORM.tga
  artifactKey: Guid(5c806b65a8d492643a64f4418a0c031e) Importer(2089858483,192608db42251d675da83286b1cce702)
Start importing Assets/QuangPhan/Common/Textures/Underwear/T_Underwear_ORM.tga using Guid(5c806b65a8d492643a64f4418a0c031e) Importer(2089858483,192608db42251d675da83286b1cce702) (ScriptedImporter) -> (artifact id: '0c7bcca261bf496a9a185a0aed29f06d') in 0.0250863 seconds
Number of updated asset objects reloaded before import = 0Number of asset objects unloaded after import = 1

========================================================================
Received Import Request.
  Time since last request: 0.000032 seconds.
  path: Assets/QuangPhan/Common/DEMO/Animations/Locomotion--Walk_N_Land.anim.fbx
  artifactKey: Guid(325a26d62b61fa94cb3c97c435efebc5) Importer(2089858483,192608db42251d675da83286b1cce702)
Start importing Assets/QuangPhan/Common/DEMO/Animations/Locomotion--Walk_N_Land.anim.fbx using Guid(325a26d62b61fa94cb3c97c435efebc5) Importer(2089858483,192608db42251d675da83286b1cce702) (ScriptedImporter) -> (artifact id: 'fbaf29147c443624e5864b98fac99d09') in 0.020648 seconds
Number of updated asset objects reloaded before import = 0Number of asset objects unloaded after import = 144

========================================================================
Received Import Request.
  Time since last request: 0.000029 seconds.
  path: Assets/QuangPhan/Common/DEMO/HDRP_Settings/HDRPDefaultResources/DefaultHDRPAsset.asset
  artifactKey: Guid(e93c35b24eb03c74284e7dc0b755bfcc) Importer(2089858483,192608db42251d675da83286b1cce702)
Start importing Assets/QuangPhan/Common/DEMO/HDRP_Settings/HDRPDefaultResources/DefaultHDRPAsset.asset using Guid(e93c35b24eb03c74284e7dc0b755bfcc) Importer(2089858483,192608db42251d675da83286b1cce702) (ScriptedImporter) -> (artifact id: 'cdecd6b13f98c1cec1df941470dea87c') in 0.0130378 seconds
Number of updated asset objects reloaded before import = 0Number of asset objects unloaded after import = 1

========================================================================
Received Import Request.
  Time since last request: 0.000017 seconds.
  path: Assets/QuangPhan/Common/Prefabs/Floor/Floor.prefab
  artifactKey: Guid(3b0081385b1310f42b5d09dcf16c08e9) Importer(2089858483,192608db42251d675da83286b1cce702)
Start importing Assets/QuangPhan/Common/Prefabs/Floor/Floor.prefab using Guid(3b0081385b1310f42b5d09dcf16c08e9) Importer(2089858483,192608db42251d675da83286b1cce702) (ScriptedImporter) -> (artifact id: '539d1e1ea206625d3ad14553eff16d62') in 0.0418659 seconds
Number of updated asset objects reloaded before import = 0Number of asset objects unloaded after import = 121

========================================================================
Received Import Request.
  Time since last request: 0.000020 seconds.
  path: Assets/QuangPhan/G2_Mercenaries/Meshes/SK_LP287_Mercenary_SourceMeshes.fbx
  artifactKey: Guid(7dfcf6da80f166b47860e3515c1916e6) Importer(2089858483,192608db42251d675da83286b1cce702)
Start importing Assets/QuangPhan/G2_Mercenaries/Meshes/SK_LP287_Mercenary_SourceMeshes.fbx using Guid(7dfcf6da80f166b47860e3515c1916e6) Importer(2089858483,192608db42251d675da83286b1cce702) (ScriptedImporter) -> (artifact id: '36a1d13e1d8cb18a3b1ae2ef5802c73e') in 0.079005 seconds
Number of updated asset objects reloaded before import = 0Number of asset objects unloaded after import = 337

========================================================================
Received Import Request.
  Time since last request: 0.000022 seconds.
  path: Assets/QuangPhan/Common/Materials/MI_EnergyA.mat
  artifactKey: Guid(976710ba0b374074b966cd588a2843f0) Importer(2089858483,192608db42251d675da83286b1cce702)
Start importing Assets/QuangPhan/Common/Materials/MI_EnergyA.mat using Guid(976710ba0b374074b966cd588a2843f0) Importer(2089858483,192608db42251d675da83286b1cce702) (ScriptedImporter) -> (artifact id: 'f228f259622a1edb2693b7f6be724bdc') in 0.2489324 seconds
Number of updated asset objects reloaded before import = 0Number of asset objects unloaded after import = 8

========================================================================
Received Import Request.
  Time since last request: 0.000038 seconds.
  path: Assets/QuangPhan/Common/DEMO/Presets/ChainPhysic.preset
  artifactKey: Guid(66fee21b8d22e21419c546ddf310959b) Importer(2089858483,192608db42251d675da83286b1cce702)
Start importing Assets/QuangPhan/Common/DEMO/Presets/ChainPhysic.preset using Guid(66fee21b8d22e21419c546ddf310959b) Importer(2089858483,192608db42251d675da83286b1cce702) (ScriptedImporter) -> (artifact id: 'ccc86b17a3cbb48b503c8b2b337db990') in 0.0151976 seconds
Number of updated asset objects reloaded before import = 0Number of asset objects unloaded after import = 1

========================================================================
Received Import Request.
  Time since last request: 0.000020 seconds.
  path: Assets/QuangPhan/G2_Mercenaries/Scene/Overview.unity
  artifactKey: Guid(398a28fccb3489a41ba69537970dd974) Importer(815301076,1909f56bfc062723c751e8b465ee728b)
Start importing Assets/QuangPhan/G2_Mercenaries/Scene/Overview.unity using Guid(398a28fccb3489a41ba69537970dd974) Importer(815301076,1909f56bfc062723c751e8b465ee728b) (PreviewImporter) -> (artifact id: '0e1dab825aa0a603ec2e4b9deb5411c1') in 0.0007547 seconds
Number of updated asset objects reloaded before import = 0Number of asset objects unloaded after import = 0

========================================================================
Received Import Request.
  Time since last request: 0.000019 seconds.
  path: Assets/QuangPhan/Common/DEMO/Presets/ClothNormal.preset
  artifactKey: Guid(beb23b0e640157040b32559a30da4952) Importer(2089858483,192608db42251d675da83286b1cce702)
Start importing Assets/QuangPhan/Common/DEMO/Presets/ClothNormal.preset using Guid(beb23b0e640157040b32559a30da4952) Importer(2089858483,192608db42251d675da83286b1cce702) (ScriptedImporter) -> (artifact id: '005bcccf0b082103f597b70fa0be5442') in 0.0181154 seconds
Number of updated asset objects reloaded before import = 0Number of asset objects unloaded after import = 1

========================================================================
Received Import Request.
  Time since last request: 4.818012 seconds.
  path: Assets/QuangPhan/G2_Mercenaries/Textures/Clothes/Underwear/T_Bikini_ORM.tga
  artifactKey: Guid(a5ba291d4ca8fd44083c4bdc28ac4bb6) Importer(2089858483,192608db42251d675da83286b1cce702)
Start importing Assets/QuangPhan/G2_Mercenaries/Textures/Clothes/Underwear/T_Bikini_ORM.tga using Guid(a5ba291d4ca8fd44083c4bdc28ac4bb6) Importer(2089858483,192608db42251d675da83286b1cce702) (ScriptedImporter) -> (artifact id: 'd985d7669839b8e053f7ac677ae72caf') in 0.0325988 seconds
Number of updated asset objects reloaded before import = 0Number of asset objects unloaded after import = 1

========================================================================
Received Import Request.
  Time since last request: 0.000017 seconds.
  path: Assets/QuangPhan/G2_Mercenaries/Materials/Characters/Skins/Examples/MI_Body 3.mat
  artifactKey: Guid(0bee1721946ceab499d3852d9a6fd624) Importer(2089858483,192608db42251d675da83286b1cce702)
Start importing Assets/QuangPhan/G2_Mercenaries/Materials/Characters/Skins/Examples/MI_Body 3.mat using Guid(0bee1721946ceab499d3852d9a6fd624) Importer(2089858483,192608db42251d675da83286b1cce702) (ScriptedImporter) -> (artifact id: 'def3ca3544d5f5fcb5c1a9e6125f003c') in 0.1458024 seconds
Number of updated asset objects reloaded before import = 0Number of asset objects unloaded after import = 15

========================================================================
Received Import Request.
  Time since last request: 0.000035 seconds.
  path: Assets/QuangPhan/Common/DEMO/Scripts/TextMesh Pro/Shaders/TMP_SDF-Mobile.shader
  artifactKey: Guid(fe393ace9b354375a9cb14cdbbc28be4) Importer(2089858483,192608db42251d675da83286b1cce702)
Start importing Assets/QuangPhan/Common/DEMO/Scripts/TextMesh Pro/Shaders/TMP_SDF-Mobile.shader using Guid(fe393ace9b354375a9cb14cdbbc28be4) Importer(2089858483,192608db42251d675da83286b1cce702) (ScriptedImporter) -> (artifact id: '406ce56bcde1314c68751358e8fb4edf') in 0.018124 seconds
Number of updated asset objects reloaded before import = 0Number of asset objects unloaded after import = 1

========================================================================
Received Import Request.
  Time since last request: 0.000031 seconds.
  path: Assets/QuangPhan/Common/DEMO/Scripts/TextMesh Pro/Resources/TMP Settings.asset
  artifactKey: Guid(3f5b5dff67a942289a9defa416b206f3) Importer(2089858483,192608db42251d675da83286b1cce702)
Start importing Assets/QuangPhan/Common/DEMO/Scripts/TextMesh Pro/Resources/TMP Settings.asset using Guid(3f5b5dff67a942289a9defa416b206f3) Importer(2089858483,192608db42251d675da83286b1cce702) (ScriptedImporter) -> (artifact id: 'ba9cbc96ba0573ec3f9c166c454de417') in 0.0656508 seconds
Number of updated asset objects reloaded before import = 0Number of asset objects unloaded after import = 15

========================================================================
Received Import Request.
  Time since last request: 0.000025 seconds.
  path: Assets/QuangPhan/Common/DEMO/Scripts/TextMesh Pro/Resources/Fonts & Materials/LiberationSans SDF - Drop Shadow.mat
  artifactKey: Guid(e73a58f6e2794ae7b1b7e50b7fb811b0) Importer(2089858483,192608db42251d675da83286b1cce702)
Start importing Assets/QuangPhan/Common/DEMO/Scripts/TextMesh Pro/Resources/Fonts & Materials/LiberationSans SDF - Drop Shadow.mat using Guid(e73a58f6e2794ae7b1b7e50b7fb811b0) Importer(2089858483,192608db42251d675da83286b1cce702) (ScriptedImporter) -> (artifact id: '8885ccf86736248e09e0e5c1e4fb04bf') in 0.038945 seconds
Number of updated asset objects reloaded before import = 0Number of asset objects unloaded after import = 2

========================================================================
Received Import Request.
  Time since last request: 0.000033 seconds.
  path: Assets/QuangPhan/Common/DEMO/Scripts/TextMesh Pro/Resources/Style Sheets/Default Style Sheet.asset
  artifactKey: Guid(f952c082cb03451daed3ee968ac6c63e) Importer(2089858483,192608db42251d675da83286b1cce702)
Start importing Assets/QuangPhan/Common/DEMO/Scripts/TextMesh Pro/Resources/Style Sheets/Default Style Sheet.asset using Guid(f952c082cb03451daed3ee968ac6c63e) Importer(2089858483,192608db42251d675da83286b1cce702) (ScriptedImporter) -> (artifact id: '5294472a2ecb7588bfe83b5a836a5e44') in 0.0186841 seconds
Number of updated asset objects reloaded before import = 0Number of asset objects unloaded after import = 1

========================================================================
Received Import Request.
  Time since last request: 0.000042 seconds.
  path: Assets/QuangPhan/Common/DEMO/Scripts/TextMesh Pro/Resources/Fonts & Materials/LiberationSans SDF.asset
  artifactKey: Guid(8f586378b4e144a9851e7b34d9b748ee) Importer(2089858483,192608db42251d675da83286b1cce702)
Start importing Assets/QuangPhan/Common/DEMO/Scripts/TextMesh Pro/Resources/Fonts & Materials/LiberationSans SDF.asset using Guid(8f586378b4e144a9851e7b34d9b748ee) Importer(2089858483,192608db42251d675da83286b1cce702) (ScriptedImporter) -> (artifact id: 'f3e2e48b444122e6749861c333509293') in 0.0681759 seconds
Number of updated asset objects reloaded before import = 0Number of asset objects unloaded after import = 8

========================================================================
Received Import Request.
  Time since last request: 0.000021 seconds.
  path: Assets/QuangPhan/Common/DEMO/Scripts/TPS Scrips/Controllers/Common/InputSystem/StarterAssets.inputactions
  artifactKey: Guid(4419d82f33d36e848b3ed5af4c8da37e) Importer(2089858483,192608db42251d675da83286b1cce702)
Start importing Assets/QuangPhan/Common/DEMO/Scripts/TPS Scrips/Controllers/Common/InputSystem/StarterAssets.inputactions using Guid(4419d82f33d36e848b3ed5af4c8da37e) Importer(2089858483,192608db42251d675da83286b1cce702) (ScriptedImporter) -> (artifact id: '88d50abf91e49056db9e9f83cc4fa08f') in 0.0241456 seconds
Number of updated asset objects reloaded before import = 0Number of asset objects unloaded after import = 7

========================================================================
Received Import Request.
  Time since last request: 0.000025 seconds.
  path: Assets/QuangPhan/G2_Mercenaries/Materials/Characters/Skins/Examples/MI_Head 2.mat
  artifactKey: Guid(9712e377188bce3439a403348eed2311) Importer(2089858483,192608db42251d675da83286b1cce702)
Start importing Assets/QuangPhan/G2_Mercenaries/Materials/Characters/Skins/Examples/MI_Head 2.mat using Guid(9712e377188bce3439a403348eed2311) Importer(2089858483,192608db42251d675da83286b1cce702) (ScriptedImporter) -> (artifact id: 'd5f05c36d3753a979befda27d4c6677d') in 0.0474168 seconds
Number of updated asset objects reloaded before import = 0Number of asset objects unloaded after import = 16

========================================================================
Received Import Request.
  Time since last request: 0.000025 seconds.
  path: Assets/QuangPhan/Common/DEMO/Scripts/TextMesh Pro/Fonts/LiberationSans - OFL.txt
  artifactKey: Guid(6e59c59b81ab47f9b6ec5781fa725d2c) Importer(2089858483,192608db42251d675da83286b1cce702)
Start importing Assets/QuangPhan/Common/DEMO/Scripts/TextMesh Pro/Fonts/LiberationSans - OFL.txt using Guid(6e59c59b81ab47f9b6ec5781fa725d2c) Importer(2089858483,192608db42251d675da83286b1cce702) (ScriptedImporter) -> (artifact id: 'f926cd12b11e79aadcd265cb2742f6a8') in 0.0150585 seconds
Number of updated asset objects reloaded before import = 0Number of asset objects unloaded after import = 1

========================================================================
Received Import Request.
  Time since last request: 0.000028 seconds.
  path: Assets/QuangPhan/Common/DEMO/Scripts/TextMesh Pro/Shaders/TMP_SDF.shader
  artifactKey: Guid(68e6db2ebdc24f95958faec2be5558d6) Importer(2089858483,192608db42251d675da83286b1cce702)
Start importing Assets/QuangPhan/Common/DEMO/Scripts/TextMesh Pro/Shaders/TMP_SDF.shader using Guid(68e6db2ebdc24f95958faec2be5558d6) Importer(2089858483,192608db42251d675da83286b1cce702) (ScriptedImporter) -> (artifact id: '49de09ca16d9e153e0f6606ca4be6708') in 0.0159025 seconds
Number of updated asset objects reloaded before import = 0Number of asset objects unloaded after import = 1

========================================================================
Received Import Request.
  Time since last request: 0.000022 seconds.
  path: Assets/QuangPhan/Common/DEMO/Scripts/TextMesh Pro/Fonts/LiberationSans.ttf
  artifactKey: Guid(e3265ab4bf004d28a9537516768c1c75) Importer(2089858483,192608db42251d675da83286b1cce702)
Start importing Assets/QuangPhan/Common/DEMO/Scripts/TextMesh Pro/Fonts/LiberationSans.ttf using Guid(e3265ab4bf004d28a9537516768c1c75) Importer(2089858483,192608db42251d675da83286b1cce702) (ScriptedImporter) -> (artifact id: 'bc94e53b01e8e54305883311d8d33dd6') in 0.0312137 seconds
Number of updated asset objects reloaded before import = 0Number of asset objects unloaded after import = 3

========================================================================
Received Prepare
Begin MonoManager ReloadAssembly
- Loaded All Assemblies, in  0.822 seconds
Refreshing native plugins compatible for Editor in 0.90 ms, found 3 plugins.
Native extension for WindowsStandalone target not found
Native extension for WebGL target not found
Mono: successfully reloaded assembly
- Finished resetting the current domain, in  0.846 seconds
Domain Reload Profiling: 1673ms
	BeginReloadAssembly (274ms)
		ExecutionOrderSort (0ms)
		DisableScriptedObjects (7ms)
		BackupInstance (0ms)
		ReleaseScriptingObjects (0ms)
		CreateAndSetChildDomain (83ms)
	RebuildCommonClasses (37ms)
	RebuildNativeTypeToScriptingClass (15ms)
	initialDomainReloadingComplete (28ms)
	LoadAllAssembliesAndSetupDomain (472ms)
		LoadAssemblies (404ms)
		RebuildTransferFunctionScriptingTraits (0ms)
		AnalyzeDomain (195ms)
			TypeCache.Refresh (11ms)
				TypeCache.ScanAssembly (1ms)
			BuildScriptInfoCaches (165ms)
			ResolveRequiredComponents (14ms)
	FinalizeReload (847ms)
		ReleaseScriptCaches (0ms)
		RebuildScriptCaches (0ms)
		SetupLoadedEditorAssemblies (671ms)
			LogAssemblyErrors (0ms)
			InitializePlatformSupportModulesInManaged (2ms)
			SetLoadedEditorAssemblies (4ms)
			BeforeProcessingInitializeOnLoad (155ms)
			ProcessInitializeOnLoadAttributes (436ms)
			ProcessInitializeOnLoadMethodAttributes (71ms)
			AfterProcessingInitializeOnLoad (3ms)
			EditorAssembliesLoaded (0ms)
		ExecutionOrderSort2 (0ms)
		AwakeInstancesAfterBackupRestoration (17ms)
Refreshing native plugins compatible for Editor in 0.87 ms, found 3 plugins.
Preloading 0 native plugins for Editor in 0.00 ms.
Unloading 12 Unused Serialized files (Serialized files now loaded: 0)
Unloading 6112 unused Assets / (5.1 MB). Loaded Objects now: 6859.
Memory consumption went from 147.4 MB to 142.2 MB.
Total: 12.056900 ms (FindLiveObjects: 0.690800 ms CreateObjectMapping: 0.950800 ms MarkObjects: 7.391300 ms  DeleteObjects: 3.022700 ms)

Prepare: number of updated asset objects reloaded= 0
Editor requested this worker to shutdown with reason: Scaling down because of idle timeout
AssetImportWorker is now disconnected from the server
Process exiting
Exiting without the bug reporter. Application will terminate with return code 0